This file contains any messages produced by compilers while
running configure, to aid debugging if configure makes a mistake.

It was created by tmux configure 2.5, which was
generated by GNU Autoconf 2.69.  Invocation command line was

  $ ./configure --prefix= CFLAGS=-I/include -I/include/ncurses LDFLAGS=-L/lib

## --------- ##
## Platform. ##
## --------- ##

hostname = egor-120-1100er
uname -m = x86_64
uname -r = 5.19.0-41-generic
uname -s = Linux
uname -v = #42~22.04.1-Ubuntu SMP PREEMPT_DYNAMIC Tue Apr 18 17:40:00 UTC 2

/usr/bin/uname -p = x86_64
/bin/uname -X     = unknown

/bin/arch              = x86_64
/usr/bin/arch -k       = unknown
/usr/convex/getsysinfo = unknown
/usr/bin/hostinfo      = unknown
/bin/machine           = unknown
/usr/bin/oslevel       = unknown
/bin/universe          = unknown

PATH: /usr/local/sbin
PATH: /usr/local/bin
PATH: /usr/sbin
PATH: /usr/bin
PATH: /sbin
PATH: /bin
PATH: /usr/games
PATH: /usr/local/games
PATH: /snap/bin
PATH: /snap/bin


## ----------- ##
## Core tests. ##
## ----------- ##

configure:2336: checking for a BSD-compatible install
configure:2404: result: /usr/bin/install -c
configure:2415: checking whether build environment is sane
configure:2470: result: yes
configure:2621: checking for a thread-safe mkdir -p
configure:2660: result: /usr/bin/mkdir -p
configure:2667: checking for gawk
configure:2683: found /usr/bin/gawk
configure:2694: result: gawk
configure:2705: checking whether make sets $(MAKE)
configure:2727: result: yes
configure:2756: checking whether make supports nested variables
configure:2773: result: yes
configure:2904: checking build system type
configure:2918: result: x86_64-pc-linux-gnu
configure:2938: checking host system type
configure:2951: result: x86_64-pc-linux-gnu
configure:3033: checking for gcc
configure:3049: found /usr/bin/gcc
configure:3060: result: gcc
configure:3289: checking for C compiler version
configure:3298: gcc --version >&5
gcc (Ubuntu 11.3.0-1ubuntu1~22.04) 11.3.0
Copyright (C) 2021 Free Software Foundation, Inc.
This is free software; see the source for copying conditions.  There is NO
warranty; not even for MERCHANTABILITY or FITNESS FOR A PARTICULAR PURPOSE.

configure:3309: $? = 0
configure:3298: gcc -v >&5
Using built-in specs.
COLLECT_GCC=gcc
COLLECT_LTO_WRAPPER=/usr/lib/gcc/x86_64-linux-gnu/11/lto-wrapper
OFFLOAD_TARGET_NAMES=nvptx-none:amdgcn-amdhsa
OFFLOAD_TARGET_DEFAULT=1
Target: x86_64-linux-gnu
Configured with: ../src/configure -v --with-pkgversion='Ubuntu 11.3.0-1ubuntu1~22.04' --with-bugurl=file:///usr/share/doc/gcc-11/README.Bugs --enable-languages=c,ada,c++,go,brig,d,fortran,objc,obj-c++,m2 --prefix=/usr --with-gcc-major-version-only --program-suffix=-11 --program-prefix=x86_64-linux-gnu- --enable-shared --enable-linker-build-id --libexecdir=/usr/lib --without-included-gettext --enable-threads=posix --libdir=/usr/lib --enable-nls --enable-bootstrap --enable-clocale=gnu --enable-libstdcxx-debug --enable-libstdcxx-time=yes --with-default-libstdcxx-abi=new --enable-gnu-unique-object --disable-vtable-verify --enable-plugin --enable-default-pie --with-system-zlib --enable-libphobos-checking=release --with-target-system-zlib=auto --enable-objc-gc=auto --enable-multiarch --disable-werror --enable-cet --with-arch-32=i686 --with-abi=m64 --with-multilib-list=m32,m64,mx32 --enable-multilib --with-tune=generic --enable-offload-targets=nvptx-none=/build/gcc-11-xKiWfi/gcc-11-11.3.0/debian/tmp-nvptx/usr,amdgcn-amdhsa=/build/gcc-11-xKiWfi/gcc-11-11.3.0/debian/tmp-gcn/usr --without-cuda-driver --enable-checking=release --build=x86_64-linux-gnu --host=x86_64-linux-gnu --target=x86_64-linux-gnu --with-build-config=bootstrap-lto-lean --enable-link-serialization=2
Thread model: posix
Supported LTO compression algorithms: zlib zstd
gcc version 11.3.0 (Ubuntu 11.3.0-1ubuntu1~22.04) 
... rest of stderr output deleted ...
configure:3309: $? = 0
configure:3298: gcc -V >&5
gcc: error: unrecognized command-line option '-V'
gcc: fatal error: no input files
compilation terminated.
configure:3309: $? = 1
configure:3298: gcc -qversion >&5
gcc: error: unrecognized command-line option '-qversion'; did you mean '--version'?
gcc: fatal error: no input files
compilation terminated.
configure:3309: $? = 1
configure:3329: checking whether the C compiler works
configure:3351: gcc -I/include -I/include/ncurses  -L/lib conftest.c  >&5
configure:3355: $? = 0
configure:3403: result: yes
configure:3406: checking for C compiler default output file name
configure:3408: result: a.out
configure:3414: checking for suffix of executables
configure:3421: gcc -o conftest -I/include -I/include/ncurses  -L/lib conftest.c  >&5
configure:3425: $? = 0
configure:3447: result: 
configure:3469: checking whether we are cross compiling
configure:3477: gcc -o conftest -I/include -I/include/ncurses  -L/lib conftest.c  >&5
configure:3481: $? = 0
configure:3488: ./conftest
configure:3492: $? = 0
configure:3507: result: no
configure:3512: checking for suffix of object files
configure:3534: gcc -c -I/include -I/include/ncurses  conftest.c >&5
configure:3538: $? = 0
configure:3559: result: o
configure:3563: checking whether we are using the GNU C compiler
configure:3582: gcc -c -I/include -I/include/ncurses  conftest.c >&5
configure:3582: $? = 0
configure:3591: result: yes
configure:3600: checking whether gcc accepts -g
configure:3620: gcc -c -g  conftest.c >&5
configure:3620: $? = 0
configure:3661: result: yes
configure:3678: checking for gcc option to accept ISO C89
configure:3741: gcc  -c -I/include -I/include/ncurses  conftest.c >&5
configure:3741: $? = 0
configure:3754: result: none needed
configure:3779: checking whether gcc understands -c and -o together
configure:3801: gcc -c conftest.c -o conftest2.o
configure:3804: $? = 0
configure:3801: gcc -c conftest.c -o conftest2.o
configure:3804: $? = 0
configure:3816: result: yes
configure:3844: checking for style of include used by make
configure:3872: result: GNU
configure:3898: checking dependency style of gcc
configure:4009: result: gcc3
configure:4025: checking for gcc option to accept ISO C99
configure:4174: gcc  -c -I/include -I/include/ncurses  conftest.c >&5
configure:4174: $? = 0
configure:4187: result: none needed
configure:4207: checking how to run the C preprocessor
configure:4238: gcc -E  conftest.c
configure:4238: $? = 0
configure:4252: gcc -E  conftest.c
conftest.c:11:10: fatal error: ac_nonexistent.h: No such file or directory
   11 | #include <ac_nonexistent.h>
      |          ^~~~~~~~~~~~~~~~~~
compilation terminated.
configure:4252: $? = 1
configure: failed program was:
| /* confdefs.h */
| #define PACKAGE_NAME "tmux"
| #define PACKAGE_TARNAME "tmux"
| #define PACKAGE_VERSION "2.5"
| #define PACKAGE_STRING "tmux 2.5"
| #define PACKAGE_BUGREPORT ""
| #define PACKAGE_URL ""
| #define PACKAGE "tmux"
| #define VERSION "2.5"
| /* end confdefs.h.  */
| #include <ac_nonexistent.h>
configure:4277: result: gcc -E
configure:4297: gcc -E  conftest.c
configure:4297: $? = 0
configure:4311: gcc -E  conftest.c
conftest.c:11:10: fatal error: ac_nonexistent.h: No such file or directory
   11 | #include <ac_nonexistent.h>
      |          ^~~~~~~~~~~~~~~~~~
compilation terminated.
configure:4311: $? = 1
configure: failed program was:
| /* confdefs.h */
| #define PACKAGE_NAME "tmux"
| #define PACKAGE_TARNAME "tmux"
| #define PACKAGE_VERSION "2.5"
| #define PACKAGE_STRING "tmux 2.5"
| #define PACKAGE_BUGREPORT ""
| #define PACKAGE_URL ""
| #define PACKAGE "tmux"
| #define VERSION "2.5"
| /* end confdefs.h.  */
| #include <ac_nonexistent.h>
configure:4339: checking for grep that handles long lines and -e
configure:4397: result: /usr/bin/grep
configure:4402: checking for egrep
configure:4464: result: /usr/bin/grep -E
configure:4524: checking for pkg-config
configure:4557: result: no
configure:4592: checking for ANSI C header files
configure:4612: gcc -c -I/include -I/include/ncurses  conftest.c >&5
configure:4612: $? = 0
configure:4685: gcc -o conftest -I/include -I/include/ncurses  -L/lib conftest.c  >&5
configure:4685: $? = 0
configure:4685: ./conftest
configure:4685: $? = 0
configure:4696: result: yes
configure:4709: checking for sys/types.h
configure:4709: gcc -c -I/include -I/include/ncurses  conftest.c >&5
configure:4709: $? = 0
configure:4709: result: yes
configure:4709: checking for sys/stat.h
configure:4709: gcc -c -I/include -I/include/ncurses  conftest.c >&5
configure:4709: $? = 0
configure:4709: result: yes
configure:4709: checking for stdlib.h
configure:4709: gcc -c -I/include -I/include/ncurses  conftest.c >&5
configure:4709: $? = 0
configure:4709: result: yes
configure:4709: checking for string.h
configure:4709: gcc -c -I/include -I/include/ncurses  conftest.c >&5
configure:4709: $? = 0
configure:4709: result: yes
configure:4709: checking for memory.h
configure:4709: gcc -c -I/include -I/include/ncurses  conftest.c >&5
configure:4709: $? = 0
configure:4709: result: yes
configure:4709: checking for strings.h
configure:4709: gcc -c -I/include -I/include/ncurses  conftest.c >&5
configure:4709: $? = 0
configure:4709: result: yes
configure:4709: checking for inttypes.h
configure:4709: gcc -c -I/include -I/include/ncurses  conftest.c >&5
configure:4709: $? = 0
configure:4709: result: yes
configure:4709: checking for stdint.h
configure:4709: gcc -c -I/include -I/include/ncurses  conftest.c >&5
configure:4709: $? = 0
configure:4709: result: yes
configure:4709: checking for unistd.h
configure:4709: gcc -c -I/include -I/include/ncurses  conftest.c >&5
configure:4709: $? = 0
configure:4709: result: yes
configure:4722: checking minix/config.h usability
configure:4722: gcc -c -I/include -I/include/ncurses  conftest.c >&5
conftest.c:54:10: fatal error: minix/config.h: No such file or directory
   54 | #include <minix/config.h>
      |          ^~~~~~~~~~~~~~~~
compilation terminated.
configure:4722: $? = 1
configure: failed program was:
| /* confdefs.h */
| #define PACKAGE_NAME "tmux"
| #define PACKAGE_TARNAME "tmux"
| #define PACKAGE_VERSION "2.5"
| #define PACKAGE_STRING "tmux 2.5"
| #define PACKAGE_BUGREPORT ""
| #define PACKAGE_URL ""
| #define PACKAGE "tmux"
| #define VERSION "2.5"
| #define STDC_HEADERS 1
| #define HAVE_SYS_TYPES_H 1
| #define HAVE_SYS_STAT_H 1
| #define HAVE_STDLIB_H 1
| #define HAVE_STRING_H 1
| #define HAVE_MEMORY_H 1
| #define HAVE_STRINGS_H 1
| #define HAVE_INTTYPES_H 1
| #define HAVE_STDINT_H 1
| #define HAVE_UNISTD_H 1
| /* end confdefs.h.  */
| #include <stdio.h>
| #ifdef HAVE_SYS_TYPES_H
| # include <sys/types.h>
| #endif
| #ifdef HAVE_SYS_STAT_H
| # include <sys/stat.h>
| #endif
| #ifdef STDC_HEADERS
| # include <stdlib.h>
| # include <stddef.h>
| #else
| # ifdef HAVE_STDLIB_H
| #  include <stdlib.h>
| # endif
| #endif
| #ifdef HAVE_STRING_H
| # if !defined STDC_HEADERS && defined HAVE_MEMORY_H
| #  include <memory.h>
| # endif
| # include <string.h>
| #endif
| #ifdef HAVE_STRINGS_H
| # include <strings.h>
| #endif
| #ifdef HAVE_INTTYPES_H
| # include <inttypes.h>
| #endif
| #ifdef HAVE_STDINT_H
| # include <stdint.h>
| #endif
| #ifdef HAVE_UNISTD_H
| # include <unistd.h>
| #endif
| #include <minix/config.h>
configure:4722: result: no
configure:4722: checking minix/config.h presence
configure:4722: gcc -E  conftest.c
conftest.c:21:10: fatal error: minix/config.h: No such file or directory
   21 | #include <minix/config.h>
      |          ^~~~~~~~~~~~~~~~
compilation terminated.
configure:4722: $? = 1
configure: failed program was:
| /* confdefs.h */
| #define PACKAGE_NAME "tmux"
| #define PACKAGE_TARNAME "tmux"
| #define PACKAGE_VERSION "2.5"
| #define PACKAGE_STRING "tmux 2.5"
| #define PACKAGE_BUGREPORT ""
| #define PACKAGE_URL ""
| #define PACKAGE "tmux"
| #define VERSION "2.5"
| #define STDC_HEADERS 1
| #define HAVE_SYS_TYPES_H 1
| #define HAVE_SYS_STAT_H 1
| #define HAVE_STDLIB_H 1
| #define HAVE_STRING_H 1
| #define HAVE_MEMORY_H 1
| #define HAVE_STRINGS_H 1
| #define HAVE_INTTYPES_H 1
| #define HAVE_STDINT_H 1
| #define HAVE_UNISTD_H 1
| /* end confdefs.h.  */
| #include <minix/config.h>
configure:4722: result: no
configure:4722: checking for minix/config.h
configure:4722: result: no
configure:4743: checking whether it is safe to define __EXTENSIONS__
configure:4761: gcc -c -I/include -I/include/ncurses  conftest.c >&5
configure:4761: $? = 0
configure:4768: result: yes
configure:4869: checking bitstring.h usability
configure:4869: gcc -c -I/include -I/include/ncurses  conftest.c >&5
conftest.c:59:10: fatal error: bitstring.h: No such file or directory
   59 | #include <bitstring.h>
      |          ^~~~~~~~~~~~~
compilation terminated.
configure:4869: $? = 1
configure: failed program was:
| /* confdefs.h */
| #define PACKAGE_NAME "tmux"
| #define PACKAGE_TARNAME "tmux"
| #define PACKAGE_VERSION "2.5"
| #define PACKAGE_STRING "tmux 2.5"
| #define PACKAGE_BUGREPORT ""
| #define PACKAGE_URL ""
| #define PACKAGE "tmux"
| #define VERSION "2.5"
| #define STDC_HEADERS 1
| #define HAVE_SYS_TYPES_H 1
| #define HAVE_SYS_STAT_H 1
| #define HAVE_STDLIB_H 1
| #define HAVE_STRING_H 1
| #define HAVE_MEMORY_H 1
| #define HAVE_STRINGS_H 1
| #define HAVE_INTTYPES_H 1
| #define HAVE_STDINT_H 1
| #define HAVE_UNISTD_H 1
| #define __EXTENSIONS__ 1
| #define _ALL_SOURCE 1
| #define _GNU_SOURCE 1
| #define _POSIX_PTHREAD_SEMANTICS 1
| #define _TANDEM_SOURCE 1
| /* end confdefs.h.  */
| #include <stdio.h>
| #ifdef HAVE_SYS_TYPES_H
| # include <sys/types.h>
| #endif
| #ifdef HAVE_SYS_STAT_H
| # include <sys/stat.h>
| #endif
| #ifdef STDC_HEADERS
| # include <stdlib.h>
| # include <stddef.h>
| #else
| # ifdef HAVE_STDLIB_H
| #  include <stdlib.h>
| # endif
| #endif
| #ifdef HAVE_STRING_H
| # if !defined STDC_HEADERS && defined HAVE_MEMORY_H
| #  include <memory.h>
| # endif
| # include <string.h>
| #endif
| #ifdef HAVE_STRINGS_H
| # include <strings.h>
| #endif
| #ifdef HAVE_INTTYPES_H
| # include <inttypes.h>
| #endif
| #ifdef HAVE_STDINT_H
| # include <stdint.h>
| #endif
| #ifdef HAVE_UNISTD_H
| # include <unistd.h>
| #endif
| #include <bitstring.h>
configure:4869: result: no
configure:4869: checking bitstring.h presence
configure:4869: gcc -E  conftest.c
conftest.c:26:10: fatal error: bitstring.h: No such file or directory
   26 | #include <bitstring.h>
      |          ^~~~~~~~~~~~~
compilation terminated.
configure:4869: $? = 1
configure: failed program was:
| /* confdefs.h */
| #define PACKAGE_NAME "tmux"
| #define PACKAGE_TARNAME "tmux"
| #define PACKAGE_VERSION "2.5"
| #define PACKAGE_STRING "tmux 2.5"
| #define PACKAGE_BUGREPORT ""
| #define PACKAGE_URL ""
| #define PACKAGE "tmux"
| #define VERSION "2.5"
| #define STDC_HEADERS 1
| #define HAVE_SYS_TYPES_H 1
| #define HAVE_SYS_STAT_H 1
| #define HAVE_STDLIB_H 1
| #define HAVE_STRING_H 1
| #define HAVE_MEMORY_H 1
| #define HAVE_STRINGS_H 1
| #define HAVE_INTTYPES_H 1
| #define HAVE_STDINT_H 1
| #define HAVE_UNISTD_H 1
| #define __EXTENSIONS__ 1
| #define _ALL_SOURCE 1
| #define _GNU_SOURCE 1
| #define _POSIX_PTHREAD_SEMANTICS 1
| #define _TANDEM_SOURCE 1
| /* end confdefs.h.  */
| #include <bitstring.h>
configure:4869: result: no
configure:4869: checking for bitstring.h
configure:4869: result: no
configure:4869: checking dirent.h usability
configure:4869: gcc -c -I/include -I/include/ncurses  conftest.c >&5
configure:4869: $? = 0
configure:4869: result: yes
configure:4869: checking dirent.h presence
configure:4869: gcc -E  conftest.c
configure:4869: $? = 0
configure:4869: result: yes
configure:4869: checking for dirent.h
configure:4869: result: yes
configure:4869: checking fcntl.h usability
configure:4869: gcc -c -I/include -I/include/ncurses  conftest.c >&5
configure:4869: $? = 0
configure:4869: result: yes
configure:4869: checking fcntl.h presence
configure:4869: gcc -E  conftest.c
configure:4869: $? = 0
configure:4869: result: yes
configure:4869: checking for fcntl.h
configure:4869: result: yes
configure:4869: checking for inttypes.h
configure:4869: result: yes
configure:4869: checking libutil.h usability
configure:4869: gcc -c -I/include -I/include/ncurses  conftest.c >&5
conftest.c:62:10: fatal error: libutil.h: No such file or directory
   62 | #include <libutil.h>
      |          ^~~~~~~~~~~
compilation terminated.
configure:4869: $? = 1
configure: failed program was:
| /* confdefs.h */
| #define PACKAGE_NAME "tmux"
| #define PACKAGE_TARNAME "tmux"
| #define PACKAGE_VERSION "2.5"
| #define PACKAGE_STRING "tmux 2.5"
| #define PACKAGE_BUGREPORT ""
| #define PACKAGE_URL ""
| #define PACKAGE "tmux"
| #define VERSION "2.5"
| #define STDC_HEADERS 1
| #define HAVE_SYS_TYPES_H 1
| #define HAVE_SYS_STAT_H 1
| #define HAVE_STDLIB_H 1
| #define HAVE_STRING_H 1
| #define HAVE_MEMORY_H 1
| #define HAVE_STRINGS_H 1
| #define HAVE_INTTYPES_H 1
| #define HAVE_STDINT_H 1
| #define HAVE_UNISTD_H 1
| #define __EXTENSIONS__ 1
| #define _ALL_SOURCE 1
| #define _GNU_SOURCE 1
| #define _POSIX_PTHREAD_SEMANTICS 1
| #define _TANDEM_SOURCE 1
| #define HAVE_DIRENT_H 1
| #define HAVE_FCNTL_H 1
| #define HAVE_INTTYPES_H 1
| /* end confdefs.h.  */
| #include <stdio.h>
| #ifdef HAVE_SYS_TYPES_H
| # include <sys/types.h>
| #endif
| #ifdef HAVE_SYS_STAT_H
| # include <sys/stat.h>
| #endif
| #ifdef STDC_HEADERS
| # include <stdlib.h>
| # include <stddef.h>
| #else
| # ifdef HAVE_STDLIB_H
| #  include <stdlib.h>
| # endif
| #endif
| #ifdef HAVE_STRING_H
| # if !defined STDC_HEADERS && defined HAVE_MEMORY_H
| #  include <memory.h>
| # endif
| # include <string.h>
| #endif
| #ifdef HAVE_STRINGS_H
| # include <strings.h>
| #endif
| #ifdef HAVE_INTTYPES_H
| # include <inttypes.h>
| #endif
| #ifdef HAVE_STDINT_H
| # include <stdint.h>
| #endif
| #ifdef HAVE_UNISTD_H
| # include <unistd.h>
| #endif
| #include <libutil.h>
configure:4869: result: no
configure:4869: checking libutil.h presence
configure:4869: gcc -E  conftest.c
conftest.c:29:10: fatal error: libutil.h: No such file or directory
   29 | #include <libutil.h>
      |          ^~~~~~~~~~~
compilation terminated.
configure:4869: $? = 1
configure: failed program was:
| /* confdefs.h */
| #define PACKAGE_NAME "tmux"
| #define PACKAGE_TARNAME "tmux"
| #define PACKAGE_VERSION "2.5"
| #define PACKAGE_STRING "tmux 2.5"
| #define PACKAGE_BUGREPORT ""
| #define PACKAGE_URL ""
| #define PACKAGE "tmux"
| #define VERSION "2.5"
| #define STDC_HEADERS 1
| #define HAVE_SYS_TYPES_H 1
| #define HAVE_SYS_STAT_H 1
| #define HAVE_STDLIB_H 1
| #define HAVE_STRING_H 1
| #define HAVE_MEMORY_H 1
| #define HAVE_STRINGS_H 1
| #define HAVE_INTTYPES_H 1
| #define HAVE_STDINT_H 1
| #define HAVE_UNISTD_H 1
| #define __EXTENSIONS__ 1
| #define _ALL_SOURCE 1
| #define _GNU_SOURCE 1
| #define _POSIX_PTHREAD_SEMANTICS 1
| #define _TANDEM_SOURCE 1
| #define HAVE_DIRENT_H 1
| #define HAVE_FCNTL_H 1
| #define HAVE_INTTYPES_H 1
| /* end confdefs.h.  */
| #include <libutil.h>
configure:4869: result: no
configure:4869: checking for libutil.h
configure:4869: result: no
configure:4869: checking ndir.h usability
configure:4869: gcc -c -I/include -I/include/ncurses  conftest.c >&5
conftest.c:62:10: fatal error: ndir.h: No such file or directory
   62 | #include <ndir.h>
      |          ^~~~~~~~
compilation terminated.
configure:4869: $? = 1
configure: failed program was:
| /* confdefs.h */
| #define PACKAGE_NAME "tmux"
| #define PACKAGE_TARNAME "tmux"
| #define PACKAGE_VERSION "2.5"
| #define PACKAGE_STRING "tmux 2.5"
| #define PACKAGE_BUGREPORT ""
| #define PACKAGE_URL ""
| #define PACKAGE "tmux"
| #define VERSION "2.5"
| #define STDC_HEADERS 1
| #define HAVE_SYS_TYPES_H 1
| #define HAVE_SYS_STAT_H 1
| #define HAVE_STDLIB_H 1
| #define HAVE_STRING_H 1
| #define HAVE_MEMORY_H 1
| #define HAVE_STRINGS_H 1
| #define HAVE_INTTYPES_H 1
| #define HAVE_STDINT_H 1
| #define HAVE_UNISTD_H 1
| #define __EXTENSIONS__ 1
| #define _ALL_SOURCE 1
| #define _GNU_SOURCE 1
| #define _POSIX_PTHREAD_SEMANTICS 1
| #define _TANDEM_SOURCE 1
| #define HAVE_DIRENT_H 1
| #define HAVE_FCNTL_H 1
| #define HAVE_INTTYPES_H 1
| /* end confdefs.h.  */
| #include <stdio.h>
| #ifdef HAVE_SYS_TYPES_H
| # include <sys/types.h>
| #endif
| #ifdef HAVE_SYS_STAT_H
| # include <sys/stat.h>
| #endif
| #ifdef STDC_HEADERS
| # include <stdlib.h>
| # include <stddef.h>
| #else
| # ifdef HAVE_STDLIB_H
| #  include <stdlib.h>
| # endif
| #endif
| #ifdef HAVE_STRING_H
| # if !defined STDC_HEADERS && defined HAVE_MEMORY_H
| #  include <memory.h>
| # endif
| # include <string.h>
| #endif
| #ifdef HAVE_STRINGS_H
| # include <strings.h>
| #endif
| #ifdef HAVE_INTTYPES_H
| # include <inttypes.h>
| #endif
| #ifdef HAVE_STDINT_H
| # include <stdint.h>
| #endif
| #ifdef HAVE_UNISTD_H
| # include <unistd.h>
| #endif
| #include <ndir.h>
configure:4869: result: no
configure:4869: checking ndir.h presence
configure:4869: gcc -E  conftest.c
conftest.c:29:10: fatal error: ndir.h: No such file or directory
   29 | #include <ndir.h>
      |          ^~~~~~~~
compilation terminated.
configure:4869: $? = 1
configure: failed program was:
| /* confdefs.h */
| #define PACKAGE_NAME "tmux"
| #define PACKAGE_TARNAME "tmux"
| #define PACKAGE_VERSION "2.5"
| #define PACKAGE_STRING "tmux 2.5"
| #define PACKAGE_BUGREPORT ""
| #define PACKAGE_URL ""
| #define PACKAGE "tmux"
| #define VERSION "2.5"
| #define STDC_HEADERS 1
| #define HAVE_SYS_TYPES_H 1
| #define HAVE_SYS_STAT_H 1
| #define HAVE_STDLIB_H 1
| #define HAVE_STRING_H 1
| #define HAVE_MEMORY_H 1
| #define HAVE_STRINGS_H 1
| #define HAVE_INTTYPES_H 1
| #define HAVE_STDINT_H 1
| #define HAVE_UNISTD_H 1
| #define __EXTENSIONS__ 1
| #define _ALL_SOURCE 1
| #define _GNU_SOURCE 1
| #define _POSIX_PTHREAD_SEMANTICS 1
| #define _TANDEM_SOURCE 1
| #define HAVE_DIRENT_H 1
| #define HAVE_FCNTL_H 1
| #define HAVE_INTTYPES_H 1
| /* end confdefs.h.  */
| #include <ndir.h>
configure:4869: result: no
configure:4869: checking for ndir.h
configure:4869: result: no
configure:4869: checking paths.h usability
configure:4869: gcc -c -I/include -I/include/ncurses  conftest.c >&5
configure:4869: $? = 0
configure:4869: result: yes
configure:4869: checking paths.h presence
configure:4869: gcc -E  conftest.c
configure:4869: $? = 0
configure:4869: result: yes
configure:4869: checking for paths.h
configure:4869: result: yes
configure:4869: checking pty.h usability
configure:4869: gcc -c -I/include -I/include/ncurses  conftest.c >&5
configure:4869: $? = 0
configure:4869: result: yes
configure:4869: checking pty.h presence
configure:4869: gcc -E  conftest.c
configure:4869: $? = 0
configure:4869: result: yes
configure:4869: checking for pty.h
configure:4869: result: yes
configure:4869: checking for stdint.h
configure:4869: result: yes
configure:4869: checking sys/dir.h usability
configure:4869: gcc -c -I/include -I/include/ncurses  conftest.c >&5
configure:4869: $? = 0
configure:4869: result: yes
configure:4869: checking sys/dir.h presence
configure:4869: gcc -E  conftest.c
configure:4869: $? = 0
configure:4869: result: yes
configure:4869: checking for sys/dir.h
configure:4869: result: yes
configure:4869: checking sys/ndir.h usability
configure:4869: gcc -c -I/include -I/include/ncurses  conftest.c >&5
conftest.c:66:10: fatal error: sys/ndir.h: No such file or directory
   66 | #include <sys/ndir.h>
      |          ^~~~~~~~~~~~
compilation terminated.
configure:4869: $? = 1
configure: failed program was:
| /* confdefs.h */
| #define PACKAGE_NAME "tmux"
| #define PACKAGE_TARNAME "tmux"
| #define PACKAGE_VERSION "2.5"
| #define PACKAGE_STRING "tmux 2.5"
| #define PACKAGE_BUGREPORT ""
| #define PACKAGE_URL ""
| #define PACKAGE "tmux"
| #define VERSION "2.5"
| #define STDC_HEADERS 1
| #define HAVE_SYS_TYPES_H 1
| #define HAVE_SYS_STAT_H 1
| #define HAVE_STDLIB_H 1
| #define HAVE_STRING_H 1
| #define HAVE_MEMORY_H 1
| #define HAVE_STRINGS_H 1
| #define HAVE_INTTYPES_H 1
| #define HAVE_STDINT_H 1
| #define HAVE_UNISTD_H 1
| #define __EXTENSIONS__ 1
| #define _ALL_SOURCE 1
| #define _GNU_SOURCE 1
| #define _POSIX_PTHREAD_SEMANTICS 1
| #define _TANDEM_SOURCE 1
| #define HAVE_DIRENT_H 1
| #define HAVE_FCNTL_H 1
| #define HAVE_INTTYPES_H 1
| #define HAVE_PATHS_H 1
| #define HAVE_PTY_H 1
| #define HAVE_STDINT_H 1
| #define HAVE_SYS_DIR_H 1
| /* end confdefs.h.  */
| #include <stdio.h>
| #ifdef HAVE_SYS_TYPES_H
| # include <sys/types.h>
| #endif
| #ifdef HAVE_SYS_STAT_H
| # include <sys/stat.h>
| #endif
| #ifdef STDC_HEADERS
| # include <stdlib.h>
| # include <stddef.h>
| #else
| # ifdef HAVE_STDLIB_H
| #  include <stdlib.h>
| # endif
| #endif
| #ifdef HAVE_STRING_H
| # if !defined STDC_HEADERS && defined HAVE_MEMORY_H
| #  include <memory.h>
| # endif
| # include <string.h>
| #endif
| #ifdef HAVE_STRINGS_H
| # include <strings.h>
| #endif
| #ifdef HAVE_INTTYPES_H
| # include <inttypes.h>
| #endif
| #ifdef HAVE_STDINT_H
| # include <stdint.h>
| #endif
| #ifdef HAVE_UNISTD_H
| # include <unistd.h>
| #endif
| #include <sys/ndir.h>
configure:4869: result: no
configure:4869: checking sys/ndir.h presence
configure:4869: gcc -E  conftest.c
conftest.c:33:10: fatal error: sys/ndir.h: No such file or directory
   33 | #include <sys/ndir.h>
      |          ^~~~~~~~~~~~
compilation terminated.
configure:4869: $? = 1
configure: failed program was:
| /* confdefs.h */
| #define PACKAGE_NAME "tmux"
| #define PACKAGE_TARNAME "tmux"
| #define PACKAGE_VERSION "2.5"
| #define PACKAGE_STRING "tmux 2.5"
| #define PACKAGE_BUGREPORT ""
| #define PACKAGE_URL ""
| #define PACKAGE "tmux"
| #define VERSION "2.5"
| #define STDC_HEADERS 1
| #define HAVE_SYS_TYPES_H 1
| #define HAVE_SYS_STAT_H 1
| #define HAVE_STDLIB_H 1
| #define HAVE_STRING_H 1
| #define HAVE_MEMORY_H 1
| #define HAVE_STRINGS_H 1
| #define HAVE_INTTYPES_H 1
| #define HAVE_STDINT_H 1
| #define HAVE_UNISTD_H 1
| #define __EXTENSIONS__ 1
| #define _ALL_SOURCE 1
| #define _GNU_SOURCE 1
| #define _POSIX_PTHREAD_SEMANTICS 1
| #define _TANDEM_SOURCE 1
| #define HAVE_DIRENT_H 1
| #define HAVE_FCNTL_H 1
| #define HAVE_INTTYPES_H 1
| #define HAVE_PATHS_H 1
| #define HAVE_PTY_H 1
| #define HAVE_STDINT_H 1
| #define HAVE_SYS_DIR_H 1
| /* end confdefs.h.  */
| #include <sys/ndir.h>
configure:4869: result: no
configure:4869: checking for sys/ndir.h
configure:4869: result: no
configure:4869: checking sys/tree.h usability
configure:4869: gcc -c -I/include -I/include/ncurses  conftest.c >&5
conftest.c:66:10: fatal error: sys/tree.h: No such file or directory
   66 | #include <sys/tree.h>
      |          ^~~~~~~~~~~~
compilation terminated.
configure:4869: $? = 1
configure: failed program was:
| /* confdefs.h */
| #define PACKAGE_NAME "tmux"
| #define PACKAGE_TARNAME "tmux"
| #define PACKAGE_VERSION "2.5"
| #define PACKAGE_STRING "tmux 2.5"
| #define PACKAGE_BUGREPORT ""
| #define PACKAGE_URL ""
| #define PACKAGE "tmux"
| #define VERSION "2.5"
| #define STDC_HEADERS 1
| #define HAVE_SYS_TYPES_H 1
| #define HAVE_SYS_STAT_H 1
| #define HAVE_STDLIB_H 1
| #define HAVE_STRING_H 1
| #define HAVE_MEMORY_H 1
| #define HAVE_STRINGS_H 1
| #define HAVE_INTTYPES_H 1
| #define HAVE_STDINT_H 1
| #define HAVE_UNISTD_H 1
| #define __EXTENSIONS__ 1
| #define _ALL_SOURCE 1
| #define _GNU_SOURCE 1
| #define _POSIX_PTHREAD_SEMANTICS 1
| #define _TANDEM_SOURCE 1
| #define HAVE_DIRENT_H 1
| #define HAVE_FCNTL_H 1
| #define HAVE_INTTYPES_H 1
| #define HAVE_PATHS_H 1
| #define HAVE_PTY_H 1
| #define HAVE_STDINT_H 1
| #define HAVE_SYS_DIR_H 1
| /* end confdefs.h.  */
| #include <stdio.h>
| #ifdef HAVE_SYS_TYPES_H
| # include <sys/types.h>
| #endif
| #ifdef HAVE_SYS_STAT_H
| # include <sys/stat.h>
| #endif
| #ifdef STDC_HEADERS
| # include <stdlib.h>
| # include <stddef.h>
| #else
| # ifdef HAVE_STDLIB_H
| #  include <stdlib.h>
| # endif
| #endif
| #ifdef HAVE_STRING_H
| # if !defined STDC_HEADERS && defined HAVE_MEMORY_H
| #  include <memory.h>
| # endif
| # include <string.h>
| #endif
| #ifdef HAVE_STRINGS_H
| # include <strings.h>
| #endif
| #ifdef HAVE_INTTYPES_H
| # include <inttypes.h>
| #endif
| #ifdef HAVE_STDINT_H
| # include <stdint.h>
| #endif
| #ifdef HAVE_UNISTD_H
| # include <unistd.h>
| #endif
| #include <sys/tree.h>
configure:4869: result: no
configure:4869: checking sys/tree.h presence
configure:4869: gcc -E  conftest.c
conftest.c:33:10: fatal error: sys/tree.h: No such file or directory
   33 | #include <sys/tree.h>
      |          ^~~~~~~~~~~~
compilation terminated.
configure:4869: $? = 1
configure: failed program was:
| /* confdefs.h */
| #define PACKAGE_NAME "tmux"
| #define PACKAGE_TARNAME "tmux"
| #define PACKAGE_VERSION "2.5"
| #define PACKAGE_STRING "tmux 2.5"
| #define PACKAGE_BUGREPORT ""
| #define PACKAGE_URL ""
| #define PACKAGE "tmux"
| #define VERSION "2.5"
| #define STDC_HEADERS 1
| #define HAVE_SYS_TYPES_H 1
| #define HAVE_SYS_STAT_H 1
| #define HAVE_STDLIB_H 1
| #define HAVE_STRING_H 1
| #define HAVE_MEMORY_H 1
| #define HAVE_STRINGS_H 1
| #define HAVE_INTTYPES_H 1
| #define HAVE_STDINT_H 1
| #define HAVE_UNISTD_H 1
| #define __EXTENSIONS__ 1
| #define _ALL_SOURCE 1
| #define _GNU_SOURCE 1
| #define _POSIX_PTHREAD_SEMANTICS 1
| #define _TANDEM_SOURCE 1
| #define HAVE_DIRENT_H 1
| #define HAVE_FCNTL_H 1
| #define HAVE_INTTYPES_H 1
| #define HAVE_PATHS_H 1
| #define HAVE_PTY_H 1
| #define HAVE_STDINT_H 1
| #define HAVE_SYS_DIR_H 1
| /* end confdefs.h.  */
| #include <sys/tree.h>
configure:4869: result: no
configure:4869: checking for sys/tree.h
configure:4869: result: no
configure:4869: checking util.h usability
configure:4869: gcc -c -I/include -I/include/ncurses  conftest.c >&5
conftest.c:66:10: fatal error: util.h: No such file or directory
   66 | #include <util.h>
      |          ^~~~~~~~
compilation terminated.
configure:4869: $? = 1
configure: failed program was:
| /* confdefs.h */
| #define PACKAGE_NAME "tmux"
| #define PACKAGE_TARNAME "tmux"
| #define PACKAGE_VERSION "2.5"
| #define PACKAGE_STRING "tmux 2.5"
| #define PACKAGE_BUGREPORT ""
| #define PACKAGE_URL ""
| #define PACKAGE "tmux"
| #define VERSION "2.5"
| #define STDC_HEADERS 1
| #define HAVE_SYS_TYPES_H 1
| #define HAVE_SYS_STAT_H 1
| #define HAVE_STDLIB_H 1
| #define HAVE_STRING_H 1
| #define HAVE_MEMORY_H 1
| #define HAVE_STRINGS_H 1
| #define HAVE_INTTYPES_H 1
| #define HAVE_STDINT_H 1
| #define HAVE_UNISTD_H 1
| #define __EXTENSIONS__ 1
| #define _ALL_SOURCE 1
| #define _GNU_SOURCE 1
| #define _POSIX_PTHREAD_SEMANTICS 1
| #define _TANDEM_SOURCE 1
| #define HAVE_DIRENT_H 1
| #define HAVE_FCNTL_H 1
| #define HAVE_INTTYPES_H 1
| #define HAVE_PATHS_H 1
| #define HAVE_PTY_H 1
| #define HAVE_STDINT_H 1
| #define HAVE_SYS_DIR_H 1
| /* end confdefs.h.  */
| #include <stdio.h>
| #ifdef HAVE_SYS_TYPES_H
| # include <sys/types.h>
| #endif
| #ifdef HAVE_SYS_STAT_H
| # include <sys/stat.h>
| #endif
| #ifdef STDC_HEADERS
| # include <stdlib.h>
| # include <stddef.h>
| #else
| # ifdef HAVE_STDLIB_H
| #  include <stdlib.h>
| # endif
| #endif
| #ifdef HAVE_STRING_H
| # if !defined STDC_HEADERS && defined HAVE_MEMORY_H
| #  include <memory.h>
| # endif
| # include <string.h>
| #endif
| #ifdef HAVE_STRINGS_H
| # include <strings.h>
| #endif
| #ifdef HAVE_INTTYPES_H
| # include <inttypes.h>
| #endif
| #ifdef HAVE_STDINT_H
| # include <stdint.h>
| #endif
| #ifdef HAVE_UNISTD_H
| # include <unistd.h>
| #endif
| #include <util.h>
configure:4869: result: no
configure:4869: checking util.h presence
configure:4869: gcc -E  conftest.c
conftest.c:33:10: fatal error: util.h: No such file or directory
   33 | #include <util.h>
      |          ^~~~~~~~
compilation terminated.
configure:4869: $? = 1
configure: failed program was:
| /* confdefs.h */
| #define PACKAGE_NAME "tmux"
| #define PACKAGE_TARNAME "tmux"
| #define PACKAGE_VERSION "2.5"
| #define PACKAGE_STRING "tmux 2.5"
| #define PACKAGE_BUGREPORT ""
| #define PACKAGE_URL ""
| #define PACKAGE "tmux"
| #define VERSION "2.5"
| #define STDC_HEADERS 1
| #define HAVE_SYS_TYPES_H 1
| #define HAVE_SYS_STAT_H 1
| #define HAVE_STDLIB_H 1
| #define HAVE_STRING_H 1
| #define HAVE_MEMORY_H 1
| #define HAVE_STRINGS_H 1
| #define HAVE_INTTYPES_H 1
| #define HAVE_STDINT_H 1
| #define HAVE_UNISTD_H 1
| #define __EXTENSIONS__ 1
| #define _ALL_SOURCE 1
| #define _GNU_SOURCE 1
| #define _POSIX_PTHREAD_SEMANTICS 1
| #define _TANDEM_SOURCE 1
| #define HAVE_DIRENT_H 1
| #define HAVE_FCNTL_H 1
| #define HAVE_INTTYPES_H 1
| #define HAVE_PATHS_H 1
| #define HAVE_PTY_H 1
| #define HAVE_STDINT_H 1
| #define HAVE_SYS_DIR_H 1
| /* end confdefs.h.  */
| #include <util.h>
configure:4869: result: no
configure:4869: checking for util.h
configure:4869: result: no
configure:4881: checking for library containing flock
configure:4912: gcc -o conftest -I/include -I/include/ncurses  -L/lib conftest.c  >&5
configure:4912: $? = 0
configure:4929: result: none required
configure:4947: checking for dirfd
configure:4947: gcc -o conftest -I/include -I/include/ncurses  -L/lib conftest.c  >&5
configure:4947: $? = 0
configure:4947: result: yes
configure:4947: checking for flock
configure:4947: gcc -o conftest -I/include -I/include/ncurses  -L/lib conftest.c  >&5
configure:4947: $? = 0
configure:4947: result: yes
configure:4947: checking for prctl
configure:4947: gcc -o conftest -I/include -I/include/ncurses  -L/lib conftest.c  >&5
configure:4947: $? = 0
configure:4947: result: yes
configure:4947: checking for sysconf
configure:4947: gcc -o conftest -I/include -I/include/ncurses  -L/lib conftest.c  >&5
configure:4947: $? = 0
configure:4947: result: yes
configure:4958: checking for asprintf
configure:4958: gcc -o conftest -I/include -I/include/ncurses  -L/lib conftest.c  >&5
configure:4958: $? = 0
configure:4958: result: yes
configure:4971: checking for cfmakeraw
configure:4971: gcc -o conftest -I/include -I/include/ncurses  -L/lib conftest.c  >&5
configure:4971: $? = 0
configure:4971: result: yes
configure:4984: checking for closefrom
configure:4984: gcc -o conftest -I/include -I/include/ncurses  -L/lib conftest.c  >&5
configure:4984: $? = 0
configure:4984: result: yes
configure:4997: checking for explicit_bzero
configure:4997: gcc -o conftest -I/include -I/include/ncurses  -L/lib conftest.c  >&5
configure:4997: $? = 0
configure:4997: result: yes
configure:5010: checking for fgetln
configure:5010: gcc -o conftest -I/include -I/include/ncurses  -L/lib conftest.c  >&5
/usr/bin/ld: /tmp/ccKU4j9W.o: in function `main':
conftest.c:(.text+0xe): undefined reference to `fgetln'
collect2: error: ld returned 1 exit status
configure:5010: $? = 1
configure: failed program was:
| /* confdefs.h */
| #define PACKAGE_NAME "tmux"
| #define PACKAGE_TARNAME "tmux"
| #define PACKAGE_VERSION "2.5"
| #define PACKAGE_STRING "tmux 2.5"
| #define PACKAGE_BUGREPORT ""
| #define PACKAGE_URL ""
| #define PACKAGE "tmux"
| #define VERSION "2.5"
| #define STDC_HEADERS 1
| #define HAVE_SYS_TYPES_H 1
| #define HAVE_SYS_STAT_H 1
| #define HAVE_STDLIB_H 1
| #define HAVE_STRING_H 1
| #define HAVE_MEMORY_H 1
| #define HAVE_STRINGS_H 1
| #define HAVE_INTTYPES_H 1
| #define HAVE_STDINT_H 1
| #define HAVE_UNISTD_H 1
| #define __EXTENSIONS__ 1
| #define _ALL_SOURCE 1
| #define _GNU_SOURCE 1
| #define _POSIX_PTHREAD_SEMANTICS 1
| #define _TANDEM_SOURCE 1
| #define HAVE_DIRENT_H 1
| #define HAVE_FCNTL_H 1
| #define HAVE_INTTYPES_H 1
| #define HAVE_PATHS_H 1
| #define HAVE_PTY_H 1
| #define HAVE_STDINT_H 1
| #define HAVE_SYS_DIR_H 1
| #define HAVE_DIRFD 1
| #define HAVE_FLOCK 1
| #define HAVE_PRCTL 1
| #define HAVE_SYSCONF 1
| #define HAVE_ASPRINTF 1
| #define HAVE_CFMAKERAW 1
| #define HAVE_CLOSEFROM 1
| #define HAVE_EXPLICIT_BZERO 1
| /* end confdefs.h.  */
| /* Define fgetln to an innocuous variant, in case <limits.h> declares fgetln.
|    For example, HP-UX 11i <limits.h> declares gettimeofday.  */
| #define fgetln innocuous_fgetln
| 
| /* System header to define __stub macros and hopefully few prototypes,
|     which can conflict with char fgetln (); below.
|     Prefer <limits.h> to <assert.h> if __STDC__ is defined, since
|     <limits.h> exists even on freestanding compilers.  */
| 
| #ifdef __STDC__
| # include <limits.h>
| #else
| # include <assert.h>
| #endif
| 
| #undef fgetln
| 
| /* Override any GCC internal prototype to avoid an error.
|    Use char because int might match the return type of a GCC
|    builtin and then its argument prototype would still apply.  */
| #ifdef __cplusplus
| extern "C"
| #endif
| char fgetln ();
| /* The GNU C library defines this for functions which it implements
|     to always fail with ENOSYS.  Some functions are actually named
|     something starting with __ and the normal name is an alias.  */
| #if defined __stub_fgetln || defined __stub___fgetln
| choke me
| #endif
| 
| int
| main ()
| {
| return fgetln ();
|   ;
|   return 0;
| }
configure:5010: result: no
configure:5023: checking for fparseln
configure:5023: gcc -o conftest -I/include -I/include/ncurses  -L/lib conftest.c  >&5
/usr/bin/ld: /tmp/cc1yE3wC.o: in function `main':
conftest.c:(.text+0xe): undefined reference to `fparseln'
collect2: error: ld returned 1 exit status
configure:5023: $? = 1
configure: failed program was:
| /* confdefs.h */
| #define PACKAGE_NAME "tmux"
| #define PACKAGE_TARNAME "tmux"
| #define PACKAGE_VERSION "2.5"
| #define PACKAGE_STRING "tmux 2.5"
| #define PACKAGE_BUGREPORT ""
| #define PACKAGE_URL ""
| #define PACKAGE "tmux"
| #define VERSION "2.5"
| #define STDC_HEADERS 1
| #define HAVE_SYS_TYPES_H 1
| #define HAVE_SYS_STAT_H 1
| #define HAVE_STDLIB_H 1
| #define HAVE_STRING_H 1
| #define HAVE_MEMORY_H 1
| #define HAVE_STRINGS_H 1
| #define HAVE_INTTYPES_H 1
| #define HAVE_STDINT_H 1
| #define HAVE_UNISTD_H 1
| #define __EXTENSIONS__ 1
| #define _ALL_SOURCE 1
| #define _GNU_SOURCE 1
| #define _POSIX_PTHREAD_SEMANTICS 1
| #define _TANDEM_SOURCE 1
| #define HAVE_DIRENT_H 1
| #define HAVE_FCNTL_H 1
| #define HAVE_INTTYPES_H 1
| #define HAVE_PATHS_H 1
| #define HAVE_PTY_H 1
| #define HAVE_STDINT_H 1
| #define HAVE_SYS_DIR_H 1
| #define HAVE_DIRFD 1
| #define HAVE_FLOCK 1
| #define HAVE_PRCTL 1
| #define HAVE_SYSCONF 1
| #define HAVE_ASPRINTF 1
| #define HAVE_CFMAKERAW 1
| #define HAVE_CLOSEFROM 1
| #define HAVE_EXPLICIT_BZERO 1
| /* end confdefs.h.  */
| /* Define fparseln to an innocuous variant, in case <limits.h> declares fparseln.
|    For example, HP-UX 11i <limits.h> declares gettimeofday.  */
| #define fparseln innocuous_fparseln
| 
| /* System header to define __stub macros and hopefully few prototypes,
|     which can conflict with char fparseln (); below.
|     Prefer <limits.h> to <assert.h> if __STDC__ is defined, since
|     <limits.h> exists even on freestanding compilers.  */
| 
| #ifdef __STDC__
| # include <limits.h>
| #else
| # include <assert.h>
| #endif
| 
| #undef fparseln
| 
| /* Override any GCC internal prototype to avoid an error.
|    Use char because int might match the return type of a GCC
|    builtin and then its argument prototype would still apply.  */
| #ifdef __cplusplus
| extern "C"
| #endif
| char fparseln ();
| /* The GNU C library defines this for functions which it implements
|     to always fail with ENOSYS.  Some functions are actually named
|     something starting with __ and the normal name is an alias.  */
| #if defined __stub_fparseln || defined __stub___fparseln
| choke me
| #endif
| 
| int
| main ()
| {
| return fparseln ();
|   ;
|   return 0;
| }
configure:5023: result: no
configure:5036: checking for freezero
configure:5036: gcc -o conftest -I/include -I/include/ncurses  -L/lib conftest.c  >&5
/usr/bin/ld: /tmp/ccUQsPiw.o: in function `main':
conftest.c:(.text+0xe): undefined reference to `freezero'
collect2: error: ld returned 1 exit status
configure:5036: $? = 1
configure: failed program was:
| /* confdefs.h */
| #define PACKAGE_NAME "tmux"
| #define PACKAGE_TARNAME "tmux"
| #define PACKAGE_VERSION "2.5"
| #define PACKAGE_STRING "tmux 2.5"
| #define PACKAGE_BUGREPORT ""
| #define PACKAGE_URL ""
| #define PACKAGE "tmux"
| #define VERSION "2.5"
| #define STDC_HEADERS 1
| #define HAVE_SYS_TYPES_H 1
| #define HAVE_SYS_STAT_H 1
| #define HAVE_STDLIB_H 1
| #define HAVE_STRING_H 1
| #define HAVE_MEMORY_H 1
| #define HAVE_STRINGS_H 1
| #define HAVE_INTTYPES_H 1
| #define HAVE_STDINT_H 1
| #define HAVE_UNISTD_H 1
| #define __EXTENSIONS__ 1
| #define _ALL_SOURCE 1
| #define _GNU_SOURCE 1
| #define _POSIX_PTHREAD_SEMANTICS 1
| #define _TANDEM_SOURCE 1
| #define HAVE_DIRENT_H 1
| #define HAVE_FCNTL_H 1
| #define HAVE_INTTYPES_H 1
| #define HAVE_PATHS_H 1
| #define HAVE_PTY_H 1
| #define HAVE_STDINT_H 1
| #define HAVE_SYS_DIR_H 1
| #define HAVE_DIRFD 1
| #define HAVE_FLOCK 1
| #define HAVE_PRCTL 1
| #define HAVE_SYSCONF 1
| #define HAVE_ASPRINTF 1
| #define HAVE_CFMAKERAW 1
| #define HAVE_CLOSEFROM 1
| #define HAVE_EXPLICIT_BZERO 1
| /* end confdefs.h.  */
| /* Define freezero to an innocuous variant, in case <limits.h> declares freezero.
|    For example, HP-UX 11i <limits.h> declares gettimeofday.  */
| #define freezero innocuous_freezero
| 
| /* System header to define __stub macros and hopefully few prototypes,
|     which can conflict with char freezero (); below.
|     Prefer <limits.h> to <assert.h> if __STDC__ is defined, since
|     <limits.h> exists even on freestanding compilers.  */
| 
| #ifdef __STDC__
| # include <limits.h>
| #else
| # include <assert.h>
| #endif
| 
| #undef freezero
| 
| /* Override any GCC internal prototype to avoid an error.
|    Use char because int might match the return type of a GCC
|    builtin and then its argument prototype would still apply.  */
| #ifdef __cplusplus
| extern "C"
| #endif
| char freezero ();
| /* The GNU C library defines this for functions which it implements
|     to always fail with ENOSYS.  Some functions are actually named
|     something starting with __ and the normal name is an alias.  */
| #if defined __stub_freezero || defined __stub___freezero
| choke me
| #endif
| 
| int
| main ()
| {
| return freezero ();
|   ;
|   return 0;
| }
configure:5036: result: no
configure:5049: checking for getdtablecount
configure:5049: gcc -o conftest -I/include -I/include/ncurses  -L/lib conftest.c  >&5
/usr/bin/ld: /tmp/cc1wAUYT.o: in function `main':
conftest.c:(.text+0xe): undefined reference to `getdtablecount'
collect2: error: ld returned 1 exit status
configure:5049: $? = 1
configure: failed program was:
| /* confdefs.h */
| #define PACKAGE_NAME "tmux"
| #define PACKAGE_TARNAME "tmux"
| #define PACKAGE_VERSION "2.5"
| #define PACKAGE_STRING "tmux 2.5"
| #define PACKAGE_BUGREPORT ""
| #define PACKAGE_URL ""
| #define PACKAGE "tmux"
| #define VERSION "2.5"
| #define STDC_HEADERS 1
| #define HAVE_SYS_TYPES_H 1
| #define HAVE_SYS_STAT_H 1
| #define HAVE_STDLIB_H 1
| #define HAVE_STRING_H 1
| #define HAVE_MEMORY_H 1
| #define HAVE_STRINGS_H 1
| #define HAVE_INTTYPES_H 1
| #define HAVE_STDINT_H 1
| #define HAVE_UNISTD_H 1
| #define __EXTENSIONS__ 1
| #define _ALL_SOURCE 1
| #define _GNU_SOURCE 1
| #define _POSIX_PTHREAD_SEMANTICS 1
| #define _TANDEM_SOURCE 1
| #define HAVE_DIRENT_H 1
| #define HAVE_FCNTL_H 1
| #define HAVE_INTTYPES_H 1
| #define HAVE_PATHS_H 1
| #define HAVE_PTY_H 1
| #define HAVE_STDINT_H 1
| #define HAVE_SYS_DIR_H 1
| #define HAVE_DIRFD 1
| #define HAVE_FLOCK 1
| #define HAVE_PRCTL 1
| #define HAVE_SYSCONF 1
| #define HAVE_ASPRINTF 1
| #define HAVE_CFMAKERAW 1
| #define HAVE_CLOSEFROM 1
| #define HAVE_EXPLICIT_BZERO 1
| /* end confdefs.h.  */
| /* Define getdtablecount to an innocuous variant, in case <limits.h> declares getdtablecount.
|    For example, HP-UX 11i <limits.h> declares gettimeofday.  */
| #define getdtablecount innocuous_getdtablecount
| 
| /* System header to define __stub macros and hopefully few prototypes,
|     which can conflict with char getdtablecount (); below.
|     Prefer <limits.h> to <assert.h> if __STDC__ is defined, since
|     <limits.h> exists even on freestanding compilers.  */
| 
| #ifdef __STDC__
| # include <limits.h>
| #else
| # include <assert.h>
| #endif
| 
| #undef getdtablecount
| 
| /* Override any GCC internal prototype to avoid an error.
|    Use char because int might match the return type of a GCC
|    builtin and then its argument prototype would still apply.  */
| #ifdef __cplusplus
| extern "C"
| #endif
| char getdtablecount ();
| /* The GNU C library defines this for functions which it implements
|     to always fail with ENOSYS.  Some functions are actually named
|     something starting with __ and the normal name is an alias.  */
| #if defined __stub_getdtablecount || defined __stub___getdtablecount
| choke me
| #endif
| 
| int
| main ()
| {
| return getdtablecount ();
|   ;
|   return 0;
| }
configure:5049: result: no
configure:5062: checking for getprogname
configure:5062: gcc -o conftest -I/include -I/include/ncurses  -L/lib conftest.c  >&5
/usr/bin/ld: /tmp/cciczfrB.o: in function `main':
conftest.c:(.text+0xe): undefined reference to `getprogname'
collect2: error: ld returned 1 exit status
configure:5062: $? = 1
configure: failed program was:
| /* confdefs.h */
| #define PACKAGE_NAME "tmux"
| #define PACKAGE_TARNAME "tmux"
| #define PACKAGE_VERSION "2.5"
| #define PACKAGE_STRING "tmux 2.5"
| #define PACKAGE_BUGREPORT ""
| #define PACKAGE_URL ""
| #define PACKAGE "tmux"
| #define VERSION "2.5"
| #define STDC_HEADERS 1
| #define HAVE_SYS_TYPES_H 1
| #define HAVE_SYS_STAT_H 1
| #define HAVE_STDLIB_H 1
| #define HAVE_STRING_H 1
| #define HAVE_MEMORY_H 1
| #define HAVE_STRINGS_H 1
| #define HAVE_INTTYPES_H 1
| #define HAVE_STDINT_H 1
| #define HAVE_UNISTD_H 1
| #define __EXTENSIONS__ 1
| #define _ALL_SOURCE 1
| #define _GNU_SOURCE 1
| #define _POSIX_PTHREAD_SEMANTICS 1
| #define _TANDEM_SOURCE 1
| #define HAVE_DIRENT_H 1
| #define HAVE_FCNTL_H 1
| #define HAVE_INTTYPES_H 1
| #define HAVE_PATHS_H 1
| #define HAVE_PTY_H 1
| #define HAVE_STDINT_H 1
| #define HAVE_SYS_DIR_H 1
| #define HAVE_DIRFD 1
| #define HAVE_FLOCK 1
| #define HAVE_PRCTL 1
| #define HAVE_SYSCONF 1
| #define HAVE_ASPRINTF 1
| #define HAVE_CFMAKERAW 1
| #define HAVE_CLOSEFROM 1
| #define HAVE_EXPLICIT_BZERO 1
| /* end confdefs.h.  */
| /* Define getprogname to an innocuous variant, in case <limits.h> declares getprogname.
|    For example, HP-UX 11i <limits.h> declares gettimeofday.  */
| #define getprogname innocuous_getprogname
| 
| /* System header to define __stub macros and hopefully few prototypes,
|     which can conflict with char getprogname (); below.
|     Prefer <limits.h> to <assert.h> if __STDC__ is defined, since
|     <limits.h> exists even on freestanding compilers.  */
| 
| #ifdef __STDC__
| # include <limits.h>
| #else
| # include <assert.h>
| #endif
| 
| #undef getprogname
| 
| /* Override any GCC internal prototype to avoid an error.
|    Use char because int might match the return type of a GCC
|    builtin and then its argument prototype would still apply.  */
| #ifdef __cplusplus
| extern "C"
| #endif
| char getprogname ();
| /* The GNU C library defines this for functions which it implements
|     to always fail with ENOSYS.  Some functions are actually named
|     something starting with __ and the normal name is an alias.  */
| #if defined __stub_getprogname || defined __stub___getprogname
| choke me
| #endif
| 
| int
| main ()
| {
| return getprogname ();
|   ;
|   return 0;
| }
configure:5062: result: no
configure:5075: checking for recallocarray
configure:5075: gcc -o conftest -I/include -I/include/ncurses  -L/lib conftest.c  >&5
/usr/bin/ld: /tmp/cckMzcKW.o: in function `main':
conftest.c:(.text+0xe): undefined reference to `recallocarray'
collect2: error: ld returned 1 exit status
configure:5075: $? = 1
configure: failed program was:
| /* confdefs.h */
| #define PACKAGE_NAME "tmux"
| #define PACKAGE_TARNAME "tmux"
| #define PACKAGE_VERSION "2.5"
| #define PACKAGE_STRING "tmux 2.5"
| #define PACKAGE_BUGREPORT ""
| #define PACKAGE_URL ""
| #define PACKAGE "tmux"
| #define VERSION "2.5"
| #define STDC_HEADERS 1
| #define HAVE_SYS_TYPES_H 1
| #define HAVE_SYS_STAT_H 1
| #define HAVE_STDLIB_H 1
| #define HAVE_STRING_H 1
| #define HAVE_MEMORY_H 1
| #define HAVE_STRINGS_H 1
| #define HAVE_INTTYPES_H 1
| #define HAVE_STDINT_H 1
| #define HAVE_UNISTD_H 1
| #define __EXTENSIONS__ 1
| #define _ALL_SOURCE 1
| #define _GNU_SOURCE 1
| #define _POSIX_PTHREAD_SEMANTICS 1
| #define _TANDEM_SOURCE 1
| #define HAVE_DIRENT_H 1
| #define HAVE_FCNTL_H 1
| #define HAVE_INTTYPES_H 1
| #define HAVE_PATHS_H 1
| #define HAVE_PTY_H 1
| #define HAVE_STDINT_H 1
| #define HAVE_SYS_DIR_H 1
| #define HAVE_DIRFD 1
| #define HAVE_FLOCK 1
| #define HAVE_PRCTL 1
| #define HAVE_SYSCONF 1
| #define HAVE_ASPRINTF 1
| #define HAVE_CFMAKERAW 1
| #define HAVE_CLOSEFROM 1
| #define HAVE_EXPLICIT_BZERO 1
| /* end confdefs.h.  */
| /* Define recallocarray to an innocuous variant, in case <limits.h> declares recallocarray.
|    For example, HP-UX 11i <limits.h> declares gettimeofday.  */
| #define recallocarray innocuous_recallocarray
| 
| /* System header to define __stub macros and hopefully few prototypes,
|     which can conflict with char recallocarray (); below.
|     Prefer <limits.h> to <assert.h> if __STDC__ is defined, since
|     <limits.h> exists even on freestanding compilers.  */
| 
| #ifdef __STDC__
| # include <limits.h>
| #else
| # include <assert.h>
| #endif
| 
| #undef recallocarray
| 
| /* Override any GCC internal prototype to avoid an error.
|    Use char because int might match the return type of a GCC
|    builtin and then its argument prototype would still apply.  */
| #ifdef __cplusplus
| extern "C"
| #endif
| char recallocarray ();
| /* The GNU C library defines this for functions which it implements
|     to always fail with ENOSYS.  Some functions are actually named
|     something starting with __ and the normal name is an alias.  */
| #if defined __stub_recallocarray || defined __stub___recallocarray
| choke me
| #endif
| 
| int
| main ()
| {
| return recallocarray ();
|   ;
|   return 0;
| }
configure:5075: result: no
configure:5088: checking for reallocarray
configure:5088: gcc -o conftest -I/include -I/include/ncurses  -L/lib conftest.c  >&5
configure:5088: $? = 0
configure:5088: result: yes
configure:5101: checking for setenv
configure:5101: gcc -o conftest -I/include -I/include/ncurses  -L/lib conftest.c  >&5
configure:5101: $? = 0
configure:5101: result: yes
configure:5114: checking for setproctitle
configure:5114: gcc -o conftest -I/include -I/include/ncurses  -L/lib conftest.c  >&5
/usr/bin/ld: /tmp/cclwIWQ1.o: in function `main':
conftest.c:(.text+0xe): undefined reference to `setproctitle'
collect2: error: ld returned 1 exit status
configure:5114: $? = 1
configure: failed program was:
| /* confdefs.h */
| #define PACKAGE_NAME "tmux"
| #define PACKAGE_TARNAME "tmux"
| #define PACKAGE_VERSION "2.5"
| #define PACKAGE_STRING "tmux 2.5"
| #define PACKAGE_BUGREPORT ""
| #define PACKAGE_URL ""
| #define PACKAGE "tmux"
| #define VERSION "2.5"
| #define STDC_HEADERS 1
| #define HAVE_SYS_TYPES_H 1
| #define HAVE_SYS_STAT_H 1
| #define HAVE_STDLIB_H 1
| #define HAVE_STRING_H 1
| #define HAVE_MEMORY_H 1
| #define HAVE_STRINGS_H 1
| #define HAVE_INTTYPES_H 1
| #define HAVE_STDINT_H 1
| #define HAVE_UNISTD_H 1
| #define __EXTENSIONS__ 1
| #define _ALL_SOURCE 1
| #define _GNU_SOURCE 1
| #define _POSIX_PTHREAD_SEMANTICS 1
| #define _TANDEM_SOURCE 1
| #define HAVE_DIRENT_H 1
| #define HAVE_FCNTL_H 1
| #define HAVE_INTTYPES_H 1
| #define HAVE_PATHS_H 1
| #define HAVE_PTY_H 1
| #define HAVE_STDINT_H 1
| #define HAVE_SYS_DIR_H 1
| #define HAVE_DIRFD 1
| #define HAVE_FLOCK 1
| #define HAVE_PRCTL 1
| #define HAVE_SYSCONF 1
| #define HAVE_ASPRINTF 1
| #define HAVE_CFMAKERAW 1
| #define HAVE_CLOSEFROM 1
| #define HAVE_EXPLICIT_BZERO 1
| #define HAVE_REALLOCARRAY 1
| #define HAVE_SETENV 1
| /* end confdefs.h.  */
| /* Define setproctitle to an innocuous variant, in case <limits.h> declares setproctitle.
|    For example, HP-UX 11i <limits.h> declares gettimeofday.  */
| #define setproctitle innocuous_setproctitle
| 
| /* System header to define __stub macros and hopefully few prototypes,
|     which can conflict with char setproctitle (); below.
|     Prefer <limits.h> to <assert.h> if __STDC__ is defined, since
|     <limits.h> exists even on freestanding compilers.  */
| 
| #ifdef __STDC__
| # include <limits.h>
| #else
| # include <assert.h>
| #endif
| 
| #undef setproctitle
| 
| /* Override any GCC internal prototype to avoid an error.
|    Use char because int might match the return type of a GCC
|    builtin and then its argument prototype would still apply.  */
| #ifdef __cplusplus
| extern "C"
| #endif
| char setproctitle ();
| /* The GNU C library defines this for functions which it implements
|     to always fail with ENOSYS.  Some functions are actually named
|     something starting with __ and the normal name is an alias.  */
| #if defined __stub_setproctitle || defined __stub___setproctitle
| choke me
| #endif
| 
| int
| main ()
| {
| return setproctitle ();
|   ;
|   return 0;
| }
configure:5114: result: no
configure:5127: checking for strcasestr
configure:5127: gcc -o conftest -I/include -I/include/ncurses  -L/lib conftest.c  >&5
configure:5127: $? = 0
configure:5127: result: yes
configure:5140: checking for strlcat
configure:5140: gcc -o conftest -I/include -I/include/ncurses  -L/lib conftest.c  >&5
/usr/bin/ld: /tmp/ccJ58ZaM.o: in function `main':
conftest.c:(.text+0xe): undefined reference to `strlcat'
collect2: error: ld returned 1 exit status
configure:5140: $? = 1
configure: failed program was:
| /* confdefs.h */
| #define PACKAGE_NAME "tmux"
| #define PACKAGE_TARNAME "tmux"
| #define PACKAGE_VERSION "2.5"
| #define PACKAGE_STRING "tmux 2.5"
| #define PACKAGE_BUGREPORT ""
| #define PACKAGE_URL ""
| #define PACKAGE "tmux"
| #define VERSION "2.5"
| #define STDC_HEADERS 1
| #define HAVE_SYS_TYPES_H 1
| #define HAVE_SYS_STAT_H 1
| #define HAVE_STDLIB_H 1
| #define HAVE_STRING_H 1
| #define HAVE_MEMORY_H 1
| #define HAVE_STRINGS_H 1
| #define HAVE_INTTYPES_H 1
| #define HAVE_STDINT_H 1
| #define HAVE_UNISTD_H 1
| #define __EXTENSIONS__ 1
| #define _ALL_SOURCE 1
| #define _GNU_SOURCE 1
| #define _POSIX_PTHREAD_SEMANTICS 1
| #define _TANDEM_SOURCE 1
| #define HAVE_DIRENT_H 1
| #define HAVE_FCNTL_H 1
| #define HAVE_INTTYPES_H 1
| #define HAVE_PATHS_H 1
| #define HAVE_PTY_H 1
| #define HAVE_STDINT_H 1
| #define HAVE_SYS_DIR_H 1
| #define HAVE_DIRFD 1
| #define HAVE_FLOCK 1
| #define HAVE_PRCTL 1
| #define HAVE_SYSCONF 1
| #define HAVE_ASPRINTF 1
| #define HAVE_CFMAKERAW 1
| #define HAVE_CLOSEFROM 1
| #define HAVE_EXPLICIT_BZERO 1
| #define HAVE_REALLOCARRAY 1
| #define HAVE_SETENV 1
| #define HAVE_STRCASESTR 1
| /* end confdefs.h.  */
| /* Define strlcat to an innocuous variant, in case <limits.h> declares strlcat.
|    For example, HP-UX 11i <limits.h> declares gettimeofday.  */
| #define strlcat innocuous_strlcat
| 
| /* System header to define __stub macros and hopefully few prototypes,
|     which can conflict with char strlcat (); below.
|     Prefer <limits.h> to <assert.h> if __STDC__ is defined, since
|     <limits.h> exists even on freestanding compilers.  */
| 
| #ifdef __STDC__
| # include <limits.h>
| #else
| # include <assert.h>
| #endif
| 
| #undef strlcat
| 
| /* Override any GCC internal prototype to avoid an error.
|    Use char because int might match the return type of a GCC
|    builtin and then its argument prototype would still apply.  */
| #ifdef __cplusplus
| extern "C"
| #endif
| char strlcat ();
| /* The GNU C library defines this for functions which it implements
|     to always fail with ENOSYS.  Some functions are actually named
|     something starting with __ and the normal name is an alias.  */
| #if defined __stub_strlcat || defined __stub___strlcat
| choke me
| #endif
| 
| int
| main ()
| {
| return strlcat ();
|   ;
|   return 0;
| }
configure:5140: result: no
configure:5153: checking for strlcpy
configure:5153: gcc -o conftest -I/include -I/include/ncurses  -L/lib conftest.c  >&5
/usr/bin/ld: /tmp/ccvLirLm.o: in function `main':
conftest.c:(.text+0xe): undefined reference to `strlcpy'
collect2: error: ld returned 1 exit status
configure:5153: $? = 1
configure: failed program was:
| /* confdefs.h */
| #define PACKAGE_NAME "tmux"
| #define PACKAGE_TARNAME "tmux"
| #define PACKAGE_VERSION "2.5"
| #define PACKAGE_STRING "tmux 2.5"
| #define PACKAGE_BUGREPORT ""
| #define PACKAGE_URL ""
| #define PACKAGE "tmux"
| #define VERSION "2.5"
| #define STDC_HEADERS 1
| #define HAVE_SYS_TYPES_H 1
| #define HAVE_SYS_STAT_H 1
| #define HAVE_STDLIB_H 1
| #define HAVE_STRING_H 1
| #define HAVE_MEMORY_H 1
| #define HAVE_STRINGS_H 1
| #define HAVE_INTTYPES_H 1
| #define HAVE_STDINT_H 1
| #define HAVE_UNISTD_H 1
| #define __EXTENSIONS__ 1
| #define _ALL_SOURCE 1
| #define _GNU_SOURCE 1
| #define _POSIX_PTHREAD_SEMANTICS 1
| #define _TANDEM_SOURCE 1
| #define HAVE_DIRENT_H 1
| #define HAVE_FCNTL_H 1
| #define HAVE_INTTYPES_H 1
| #define HAVE_PATHS_H 1
| #define HAVE_PTY_H 1
| #define HAVE_STDINT_H 1
| #define HAVE_SYS_DIR_H 1
| #define HAVE_DIRFD 1
| #define HAVE_FLOCK 1
| #define HAVE_PRCTL 1
| #define HAVE_SYSCONF 1
| #define HAVE_ASPRINTF 1
| #define HAVE_CFMAKERAW 1
| #define HAVE_CLOSEFROM 1
| #define HAVE_EXPLICIT_BZERO 1
| #define HAVE_REALLOCARRAY 1
| #define HAVE_SETENV 1
| #define HAVE_STRCASESTR 1
| /* end confdefs.h.  */
| /* Define strlcpy to an innocuous variant, in case <limits.h> declares strlcpy.
|    For example, HP-UX 11i <limits.h> declares gettimeofday.  */
| #define strlcpy innocuous_strlcpy
| 
| /* System header to define __stub macros and hopefully few prototypes,
|     which can conflict with char strlcpy (); below.
|     Prefer <limits.h> to <assert.h> if __STDC__ is defined, since
|     <limits.h> exists even on freestanding compilers.  */
| 
| #ifdef __STDC__
| # include <limits.h>
| #else
| # include <assert.h>
| #endif
| 
| #undef strlcpy
| 
| /* Override any GCC internal prototype to avoid an error.
|    Use char because int might match the return type of a GCC
|    builtin and then its argument prototype would still apply.  */
| #ifdef __cplusplus
| extern "C"
| #endif
| char strlcpy ();
| /* The GNU C library defines this for functions which it implements
|     to always fail with ENOSYS.  Some functions are actually named
|     something starting with __ and the normal name is an alias.  */
| #if defined __stub_strlcpy || defined __stub___strlcpy
| choke me
| #endif
| 
| int
| main ()
| {
| return strlcpy ();
|   ;
|   return 0;
| }
configure:5153: result: no
configure:5166: checking for strndup
configure:5166: gcc -o conftest -I/include -I/include/ncurses  -L/lib conftest.c  >&5
conftest.c:67:6: warning: conflicting types for built-in function 'strndup'; expected 'char *(const char *, long unsigned int)' [-Wbuiltin-declaration-mismatch]
   67 | char strndup ();
      |      ^~~~~~~
configure:5166: $? = 0
configure:5166: result: yes
configure:5179: checking for strsep
configure:5179: gcc -o conftest -I/include -I/include/ncurses  -L/lib conftest.c  >&5
configure:5179: $? = 0
configure:5179: result: yes
configure:5192: checking for strtonum
configure:5192: gcc -o conftest -I/include -I/include/ncurses  -L/lib conftest.c  >&5
/usr/bin/ld: /tmp/ccMWeVV3.o: in function `main':
conftest.c:(.text+0xe): undefined reference to `strtonum'
collect2: error: ld returned 1 exit status
configure:5192: $? = 1
configure: failed program was:
| /* confdefs.h */
| #define PACKAGE_NAME "tmux"
| #define PACKAGE_TARNAME "tmux"
| #define PACKAGE_VERSION "2.5"
| #define PACKAGE_STRING "tmux 2.5"
| #define PACKAGE_BUGREPORT ""
| #define PACKAGE_URL ""
| #define PACKAGE "tmux"
| #define VERSION "2.5"
| #define STDC_HEADERS 1
| #define HAVE_SYS_TYPES_H 1
| #define HAVE_SYS_STAT_H 1
| #define HAVE_STDLIB_H 1
| #define HAVE_STRING_H 1
| #define HAVE_MEMORY_H 1
| #define HAVE_STRINGS_H 1
| #define HAVE_INTTYPES_H 1
| #define HAVE_STDINT_H 1
| #define HAVE_UNISTD_H 1
| #define __EXTENSIONS__ 1
| #define _ALL_SOURCE 1
| #define _GNU_SOURCE 1
| #define _POSIX_PTHREAD_SEMANTICS 1
| #define _TANDEM_SOURCE 1
| #define HAVE_DIRENT_H 1
| #define HAVE_FCNTL_H 1
| #define HAVE_INTTYPES_H 1
| #define HAVE_PATHS_H 1
| #define HAVE_PTY_H 1
| #define HAVE_STDINT_H 1
| #define HAVE_SYS_DIR_H 1
| #define HAVE_DIRFD 1
| #define HAVE_FLOCK 1
| #define HAVE_PRCTL 1
| #define HAVE_SYSCONF 1
| #define HAVE_ASPRINTF 1
| #define HAVE_CFMAKERAW 1
| #define HAVE_CLOSEFROM 1
| #define HAVE_EXPLICIT_BZERO 1
| #define HAVE_REALLOCARRAY 1
| #define HAVE_SETENV 1
| #define HAVE_STRCASESTR 1
| #define HAVE_STRNDUP 1
| #define HAVE_STRSEP 1
| /* end confdefs.h.  */
| /* Define strtonum to an innocuous variant, in case <limits.h> declares strtonum.
|    For example, HP-UX 11i <limits.h> declares gettimeofday.  */
| #define strtonum innocuous_strtonum
| 
| /* System header to define __stub macros and hopefully few prototypes,
|     which can conflict with char strtonum (); below.
|     Prefer <limits.h> to <assert.h> if __STDC__ is defined, since
|     <limits.h> exists even on freestanding compilers.  */
| 
| #ifdef __STDC__
| # include <limits.h>
| #else
| # include <assert.h>
| #endif
| 
| #undef strtonum
| 
| /* Override any GCC internal prototype to avoid an error.
|    Use char because int might match the return type of a GCC
|    builtin and then its argument prototype would still apply.  */
| #ifdef __cplusplus
| extern "C"
| #endif
| char strtonum ();
| /* The GNU C library defines this for functions which it implements
|     to always fail with ENOSYS.  Some functions are actually named
|     something starting with __ and the normal name is an alias.  */
| #if defined __stub_strtonum || defined __stub___strtonum
| choke me
| #endif
| 
| int
| main ()
| {
| return strtonum ();
|   ;
|   return 0;
| }
configure:5192: result: no
configure:5206: checking for working strnlen
configure:5244: gcc -o conftest -I/include -I/include/ncurses  -L/lib conftest.c  >&5
configure:5244: $? = 0
configure:5244: ./conftest
configure:5244: $? = 0
configure:5254: result: yes
configure:5265: checking for library containing clock_gettime
configure:5296: gcc -o conftest -I/include -I/include/ncurses  -L/lib conftest.c  >&5
configure:5296: $? = 0
configure:5313: result: none required
configure:5325: checking for LIBEVENT
configure:5445: result: no
configure:5448: checking for library containing event_init
configure:5479: gcc -o conftest -I/include -I/include/ncurses  -L/lib conftest.c  >&5
/usr/bin/ld: /tmp/ccM8g2om.o: in function `main':
conftest.c:(.text+0xe): undefined reference to `event_init'
collect2: error: ld returned 1 exit status
configure:5479: $? = 1
configure: failed program was:
| /* confdefs.h */
| #define PACKAGE_NAME "tmux"
| #define PACKAGE_TARNAME "tmux"
| #define PACKAGE_VERSION "2.5"
| #define PACKAGE_STRING "tmux 2.5"
| #define PACKAGE_BUGREPORT ""
| #define PACKAGE_URL ""
| #define PACKAGE "tmux"
| #define VERSION "2.5"
| #define STDC_HEADERS 1
| #define HAVE_SYS_TYPES_H 1
| #define HAVE_SYS_STAT_H 1
| #define HAVE_STDLIB_H 1
| #define HAVE_STRING_H 1
| #define HAVE_MEMORY_H 1
| #define HAVE_STRINGS_H 1
| #define HAVE_INTTYPES_H 1
| #define HAVE_STDINT_H 1
| #define HAVE_UNISTD_H 1
| #define __EXTENSIONS__ 1
| #define _ALL_SOURCE 1
| #define _GNU_SOURCE 1
| #define _POSIX_PTHREAD_SEMANTICS 1
| #define _TANDEM_SOURCE 1
| #define HAVE_DIRENT_H 1
| #define HAVE_FCNTL_H 1
| #define HAVE_INTTYPES_H 1
| #define HAVE_PATHS_H 1
| #define HAVE_PTY_H 1
| #define HAVE_STDINT_H 1
| #define HAVE_SYS_DIR_H 1
| #define HAVE_DIRFD 1
| #define HAVE_FLOCK 1
| #define HAVE_PRCTL 1
| #define HAVE_SYSCONF 1
| #define HAVE_ASPRINTF 1
| #define HAVE_CFMAKERAW 1
| #define HAVE_CLOSEFROM 1
| #define HAVE_EXPLICIT_BZERO 1
| #define HAVE_REALLOCARRAY 1
| #define HAVE_SETENV 1
| #define HAVE_STRCASESTR 1
| #define HAVE_STRNDUP 1
| #define HAVE_STRSEP 1
| /* end confdefs.h.  */
| 
| /* Override any GCC internal prototype to avoid an error.
|    Use char because int might match the return type of a GCC
|    builtin and then its argument prototype would still apply.  */
| #ifdef __cplusplus
| extern "C"
| #endif
| char event_init ();
| int
| main ()
| {
| return event_init ();
|   ;
|   return 0;
| }
configure:5479: gcc -o conftest -I/include -I/include/ncurses  -L/lib conftest.c -levent   >&5
configure:5479: $? = 0
configure:5496: result: -levent
configure:5521: checking event.h usability
configure:5521: gcc -c -I/include -I/include/ncurses  conftest.c >&5
configure:5521: $? = 0
configure:5521: result: yes
configure:5521: checking event.h presence
configure:5521: gcc -E  conftest.c
configure:5521: $? = 0
configure:5521: result: yes
configure:5521: checking for event.h
configure:5521: result: yes
configure:5537: checking for LIBTINFO
configure:5597: result: no
configure:5611: checking for LIBNCURSES
configure:5671: result: no
configure:5686: checking for LIBNCURSES
configure:5746: result: no
configure:5763: checking for setupterm in -ltinfo
configure:5788: gcc -o conftest -I/include -I/include/ncurses  -L/lib conftest.c -ltinfo  -levent  >&5
configure:5788: $? = 0
configure:5797: result: yes
configure:5852: checking ncurses.h usability
configure:5852: gcc -c -I/include -I/include/ncurses  conftest.c >&5
configure:5852: $? = 0
configure:5852: result: yes
configure:5852: checking ncurses.h presence
configure:5852: gcc -E  conftest.c
configure:5852: $? = 0
configure:5852: result: yes
configure:5852: checking for ncurses.h
configure:5852: result: yes
configure:6104: checking for b64_ntop
configure:6121: gcc -o conftest -I/include -I/include/ncurses  -L/lib conftest.c -levent  -lncurses >&5
/usr/bin/ld: /tmp/ccGNWexI.o: in function `main':
conftest.c:(.text+0x1d): undefined reference to `__b64_ntop'
collect2: error: ld returned 1 exit status
configure:6121: $? = 1
configure: failed program was:
| /* confdefs.h */
| #define PACKAGE_NAME "tmux"
| #define PACKAGE_TARNAME "tmux"
| #define PACKAGE_VERSION "2.5"
| #define PACKAGE_STRING "tmux 2.5"
| #define PACKAGE_BUGREPORT ""
| #define PACKAGE_URL ""
| #define PACKAGE "tmux"
| #define VERSION "2.5"
| #define STDC_HEADERS 1
| #define HAVE_SYS_TYPES_H 1
| #define HAVE_SYS_STAT_H 1
| #define HAVE_STDLIB_H 1
| #define HAVE_STRING_H 1
| #define HAVE_MEMORY_H 1
| #define HAVE_STRINGS_H 1
| #define HAVE_INTTYPES_H 1
| #define HAVE_STDINT_H 1
| #define HAVE_UNISTD_H 1
| #define __EXTENSIONS__ 1
| #define _ALL_SOURCE 1
| #define _GNU_SOURCE 1
| #define _POSIX_PTHREAD_SEMANTICS 1
| #define _TANDEM_SOURCE 1
| #define HAVE_DIRENT_H 1
| #define HAVE_FCNTL_H 1
| #define HAVE_INTTYPES_H 1
| #define HAVE_PATHS_H 1
| #define HAVE_PTY_H 1
| #define HAVE_STDINT_H 1
| #define HAVE_SYS_DIR_H 1
| #define HAVE_DIRFD 1
| #define HAVE_FLOCK 1
| #define HAVE_PRCTL 1
| #define HAVE_SYSCONF 1
| #define HAVE_ASPRINTF 1
| #define HAVE_CFMAKERAW 1
| #define HAVE_CLOSEFROM 1
| #define HAVE_EXPLICIT_BZERO 1
| #define HAVE_REALLOCARRAY 1
| #define HAVE_SETENV 1
| #define HAVE_STRCASESTR 1
| #define HAVE_STRNDUP 1
| #define HAVE_STRSEP 1
| #define HAVE_NCURSES_H 1
| /* end confdefs.h.  */
| 
| 		#include <sys/types.h>
| 		#include <netinet/in.h>
| 		#include <resolv.h>
| 
| int
| main ()
| {
| b64_ntop(NULL, 0, NULL, 0);
|   ;
|   return 0;
| }
configure:6130: result: no
configure:6133: checking for b64_ntop with -lresolv
configure:6151: gcc -o conftest -I/include -I/include/ncurses  -L/lib conftest.c -levent  -lncurses -lresolv >&5
configure:6151: $? = 0
configure:6167: result: yes
configure:6179: checking for library containing inet_ntoa
configure:6210: gcc -o conftest -I/include -I/include/ncurses  -L/lib conftest.c -levent  -lncurses -lresolv >&5
configure:6210: $? = 0
configure:6227: result: none required
configure:6235: checking for library containing socket
configure:6266: gcc -o conftest -I/include -I/include/ncurses  -L/lib conftest.c -levent  -lncurses -lresolv >&5
configure:6266: $? = 0
configure:6283: result: none required
configure:6291: checking for socket in -lxnet
configure:6316: gcc -o conftest -I/include -I/include/ncurses  -L/lib conftest.c -lxnet  -levent  -lncurses -lresolv >&5
/usr/bin/ld: cannot find -lxnet: No such file or directory
collect2: error: ld returned 1 exit status
configure:6316: $? = 1
configure: failed program was:
| /* confdefs.h */
| #define PACKAGE_NAME "tmux"
| #define PACKAGE_TARNAME "tmux"
| #define PACKAGE_VERSION "2.5"
| #define PACKAGE_STRING "tmux 2.5"
| #define PACKAGE_BUGREPORT ""
| #define PACKAGE_URL ""
| #define PACKAGE "tmux"
| #define VERSION "2.5"
| #define STDC_HEADERS 1
| #define HAVE_SYS_TYPES_H 1
| #define HAVE_SYS_STAT_H 1
| #define HAVE_STDLIB_H 1
| #define HAVE_STRING_H 1
| #define HAVE_MEMORY_H 1
| #define HAVE_STRINGS_H 1
| #define HAVE_INTTYPES_H 1
| #define HAVE_STDINT_H 1
| #define HAVE_UNISTD_H 1
| #define __EXTENSIONS__ 1
| #define _ALL_SOURCE 1
| #define _GNU_SOURCE 1
| #define _POSIX_PTHREAD_SEMANTICS 1
| #define _TANDEM_SOURCE 1
| #define HAVE_DIRENT_H 1
| #define HAVE_FCNTL_H 1
| #define HAVE_INTTYPES_H 1
| #define HAVE_PATHS_H 1
| #define HAVE_PTY_H 1
| #define HAVE_STDINT_H 1
| #define HAVE_SYS_DIR_H 1
| #define HAVE_DIRFD 1
| #define HAVE_FLOCK 1
| #define HAVE_PRCTL 1
| #define HAVE_SYSCONF 1
| #define HAVE_ASPRINTF 1
| #define HAVE_CFMAKERAW 1
| #define HAVE_CLOSEFROM 1
| #define HAVE_EXPLICIT_BZERO 1
| #define HAVE_REALLOCARRAY 1
| #define HAVE_SETENV 1
| #define HAVE_STRCASESTR 1
| #define HAVE_STRNDUP 1
| #define HAVE_STRSEP 1
| #define HAVE_NCURSES_H 1
| #define HAVE_B64_NTOP 1
| /* end confdefs.h.  */
| 
| /* Override any GCC internal prototype to avoid an error.
|    Use char because int might match the return type of a GCC
|    builtin and then its argument prototype would still apply.  */
| #ifdef __cplusplus
| extern "C"
| #endif
| char socket ();
| int
| main ()
| {
| return socket ();
|   ;
|   return 0;
| }
configure:6325: result: no
configure:6340: checking for CMSG_DATA
configure:6360: result: yes
configure:6396: checking for err
configure:6396: gcc -o conftest -I/include -I/include/ncurses  -L/lib conftest.c -levent  -lncurses -lresolv >&5
configure:6396: $? = 0
configure:6396: result: yes
configure:6403: checking for errx
configure:6403: gcc -o conftest -I/include -I/include/ncurses  -L/lib conftest.c -levent  -lncurses -lresolv >&5
configure:6403: $? = 0
configure:6403: result: yes
configure:6410: checking for warn
configure:6410: gcc -o conftest -I/include -I/include/ncurses  -L/lib conftest.c -levent  -lncurses -lresolv >&5
configure:6410: $? = 0
configure:6410: result: yes
configure:6417: checking for warnx
configure:6417: gcc -o conftest -I/include -I/include/ncurses  -L/lib conftest.c -levent  -lncurses -lresolv >&5
configure:6417: $? = 0
configure:6417: result: yes
configure:6425: checking err.h usability
configure:6425: gcc -c -I/include -I/include/ncurses  conftest.c >&5
configure:6425: $? = 0
configure:6425: result: yes
configure:6425: checking err.h presence
configure:6425: gcc -E  conftest.c
configure:6425: $? = 0
configure:6425: result: yes
configure:6425: checking for err.h
configure:6425: result: yes
configure:6443: checking for library containing imsg_init
configure:6474: gcc -o conftest -I/include -I/include/ncurses  -L/lib conftest.c -levent  -lncurses -lresolv >&5
/usr/bin/ld: /tmp/cc9nrip0.o: in function `main':
conftest.c:(.text+0xe): undefined reference to `imsg_init'
collect2: error: ld returned 1 exit status
configure:6474: $? = 1
configure: failed program was:
| /* confdefs.h */
| #define PACKAGE_NAME "tmux"
| #define PACKAGE_TARNAME "tmux"
| #define PACKAGE_VERSION "2.5"
| #define PACKAGE_STRING "tmux 2.5"
| #define PACKAGE_BUGREPORT ""
| #define PACKAGE_URL ""
| #define PACKAGE "tmux"
| #define VERSION "2.5"
| #define STDC_HEADERS 1
| #define HAVE_SYS_TYPES_H 1
| #define HAVE_SYS_STAT_H 1
| #define HAVE_STDLIB_H 1
| #define HAVE_STRING_H 1
| #define HAVE_MEMORY_H 1
| #define HAVE_STRINGS_H 1
| #define HAVE_INTTYPES_H 1
| #define HAVE_STDINT_H 1
| #define HAVE_UNISTD_H 1
| #define __EXTENSIONS__ 1
| #define _ALL_SOURCE 1
| #define _GNU_SOURCE 1
| #define _POSIX_PTHREAD_SEMANTICS 1
| #define _TANDEM_SOURCE 1
| #define HAVE_DIRENT_H 1
| #define HAVE_FCNTL_H 1
| #define HAVE_INTTYPES_H 1
| #define HAVE_PATHS_H 1
| #define HAVE_PTY_H 1
| #define HAVE_STDINT_H 1
| #define HAVE_SYS_DIR_H 1
| #define HAVE_DIRFD 1
| #define HAVE_FLOCK 1
| #define HAVE_PRCTL 1
| #define HAVE_SYSCONF 1
| #define HAVE_ASPRINTF 1
| #define HAVE_CFMAKERAW 1
| #define HAVE_CLOSEFROM 1
| #define HAVE_EXPLICIT_BZERO 1
| #define HAVE_REALLOCARRAY 1
| #define HAVE_SETENV 1
| #define HAVE_STRCASESTR 1
| #define HAVE_STRNDUP 1
| #define HAVE_STRSEP 1
| #define HAVE_NCURSES_H 1
| #define HAVE_B64_NTOP 1
| /* end confdefs.h.  */
| 
| /* Override any GCC internal prototype to avoid an error.
|    Use char because int might match the return type of a GCC
|    builtin and then its argument prototype would still apply.  */
| #ifdef __cplusplus
| extern "C"
| #endif
| char imsg_init ();
| int
| main ()
| {
| return imsg_init ();
|   ;
|   return 0;
| }
configure:6474: gcc -o conftest -I/include -I/include/ncurses  -L/lib conftest.c -lutil  -levent  -lncurses -lresolv >&5
/usr/bin/ld: /tmp/ccQseC4q.o: in function `main':
conftest.c:(.text+0xe): undefined reference to `imsg_init'
collect2: error: ld returned 1 exit status
configure:6474: $? = 1
configure: failed program was:
| /* confdefs.h */
| #define PACKAGE_NAME "tmux"
| #define PACKAGE_TARNAME "tmux"
| #define PACKAGE_VERSION "2.5"
| #define PACKAGE_STRING "tmux 2.5"
| #define PACKAGE_BUGREPORT ""
| #define PACKAGE_URL ""
| #define PACKAGE "tmux"
| #define VERSION "2.5"
| #define STDC_HEADERS 1
| #define HAVE_SYS_TYPES_H 1
| #define HAVE_SYS_STAT_H 1
| #define HAVE_STDLIB_H 1
| #define HAVE_STRING_H 1
| #define HAVE_MEMORY_H 1
| #define HAVE_STRINGS_H 1
| #define HAVE_INTTYPES_H 1
| #define HAVE_STDINT_H 1
| #define HAVE_UNISTD_H 1
| #define __EXTENSIONS__ 1
| #define _ALL_SOURCE 1
| #define _GNU_SOURCE 1
| #define _POSIX_PTHREAD_SEMANTICS 1
| #define _TANDEM_SOURCE 1
| #define HAVE_DIRENT_H 1
| #define HAVE_FCNTL_H 1
| #define HAVE_INTTYPES_H 1
| #define HAVE_PATHS_H 1
| #define HAVE_PTY_H 1
| #define HAVE_STDINT_H 1
| #define HAVE_SYS_DIR_H 1
| #define HAVE_DIRFD 1
| #define HAVE_FLOCK 1
| #define HAVE_PRCTL 1
| #define HAVE_SYSCONF 1
| #define HAVE_ASPRINTF 1
| #define HAVE_CFMAKERAW 1
| #define HAVE_CLOSEFROM 1
| #define HAVE_EXPLICIT_BZERO 1
| #define HAVE_REALLOCARRAY 1
| #define HAVE_SETENV 1
| #define HAVE_STRCASESTR 1
| #define HAVE_STRNDUP 1
| #define HAVE_STRSEP 1
| #define HAVE_NCURSES_H 1
| #define HAVE_B64_NTOP 1
| /* end confdefs.h.  */
| 
| /* Override any GCC internal prototype to avoid an error.
|    Use char because int might match the return type of a GCC
|    builtin and then its argument prototype would still apply.  */
| #ifdef __cplusplus
| extern "C"
| #endif
| char imsg_init ();
| int
| main ()
| {
| return imsg_init ();
|   ;
|   return 0;
| }
configure:6491: result: no
configure:6522: checking for daemon
configure:6522: gcc -o conftest -I/include -I/include/ncurses  -L/lib conftest.c -levent  -lncurses -lresolv >&5
configure:6522: $? = 0
configure:6522: result: yes
configure:6529: checking whether daemon is declared
configure:6529: gcc -c -I/include -I/include/ncurses  conftest.c >&5
configure:6529: $? = 0
configure:6529: result: yes
configure:6554: checking for stravis
configure:6554: gcc -o conftest -I/include -I/include/ncurses  -L/lib conftest.c -levent  -lncurses -lresolv >&5
/usr/bin/ld: /tmp/ccKvhbt3.o: in function `main':
conftest.c:(.text+0xe): undefined reference to `stravis'
collect2: error: ld returned 1 exit status
configure:6554: $? = 1
configure: failed program was:
| /* confdefs.h */
| #define PACKAGE_NAME "tmux"
| #define PACKAGE_TARNAME "tmux"
| #define PACKAGE_VERSION "2.5"
| #define PACKAGE_STRING "tmux 2.5"
| #define PACKAGE_BUGREPORT ""
| #define PACKAGE_URL ""
| #define PACKAGE "tmux"
| #define VERSION "2.5"
| #define STDC_HEADERS 1
| #define HAVE_SYS_TYPES_H 1
| #define HAVE_SYS_STAT_H 1
| #define HAVE_STDLIB_H 1
| #define HAVE_STRING_H 1
| #define HAVE_MEMORY_H 1
| #define HAVE_STRINGS_H 1
| #define HAVE_INTTYPES_H 1
| #define HAVE_STDINT_H 1
| #define HAVE_UNISTD_H 1
| #define __EXTENSIONS__ 1
| #define _ALL_SOURCE 1
| #define _GNU_SOURCE 1
| #define _POSIX_PTHREAD_SEMANTICS 1
| #define _TANDEM_SOURCE 1
| #define HAVE_DIRENT_H 1
| #define HAVE_FCNTL_H 1
| #define HAVE_INTTYPES_H 1
| #define HAVE_PATHS_H 1
| #define HAVE_PTY_H 1
| #define HAVE_STDINT_H 1
| #define HAVE_SYS_DIR_H 1
| #define HAVE_DIRFD 1
| #define HAVE_FLOCK 1
| #define HAVE_PRCTL 1
| #define HAVE_SYSCONF 1
| #define HAVE_ASPRINTF 1
| #define HAVE_CFMAKERAW 1
| #define HAVE_CLOSEFROM 1
| #define HAVE_EXPLICIT_BZERO 1
| #define HAVE_REALLOCARRAY 1
| #define HAVE_SETENV 1
| #define HAVE_STRCASESTR 1
| #define HAVE_STRNDUP 1
| #define HAVE_STRSEP 1
| #define HAVE_NCURSES_H 1
| #define HAVE_B64_NTOP 1
| #define HAVE_DAEMON 1
| /* end confdefs.h.  */
| /* Define stravis to an innocuous variant, in case <limits.h> declares stravis.
|    For example, HP-UX 11i <limits.h> declares gettimeofday.  */
| #define stravis innocuous_stravis
| 
| /* System header to define __stub macros and hopefully few prototypes,
|     which can conflict with char stravis (); below.
|     Prefer <limits.h> to <assert.h> if __STDC__ is defined, since
|     <limits.h> exists even on freestanding compilers.  */
| 
| #ifdef __STDC__
| # include <limits.h>
| #else
| # include <assert.h>
| #endif
| 
| #undef stravis
| 
| /* Override any GCC internal prototype to avoid an error.
|    Use char because int might match the return type of a GCC
|    builtin and then its argument prototype would still apply.  */
| #ifdef __cplusplus
| extern "C"
| #endif
| char stravis ();
| /* The GNU C library defines this for functions which it implements
|     to always fail with ENOSYS.  Some functions are actually named
|     something starting with __ and the normal name is an alias.  */
| #if defined __stub_stravis || defined __stub___stravis
| choke me
| #endif
| 
| int
| main ()
| {
| return stravis ();
|   ;
|   return 0;
| }
configure:6554: result: no
configure:6617: checking for getopt
configure:6617: gcc -o conftest -I/include -I/include/ncurses  -L/lib conftest.c -levent  -lncurses -lresolv >&5
configure:6617: $? = 0
configure:6617: result: yes
configure:6625: checking if getopt is suitable
configure:6640: result: no
configure:6720: checking for library containing fdforkpty
configure:6751: gcc -o conftest -I/include -I/include/ncurses  -L/lib conftest.c -levent  -lncurses -lresolv >&5
/usr/bin/ld: /tmp/ccuQ29Ee.o: in function `main':
conftest.c:(.text+0xe): undefined reference to `fdforkpty'
collect2: error: ld returned 1 exit status
configure:6751: $? = 1
configure: failed program was:
| /* confdefs.h */
| #define PACKAGE_NAME "tmux"
| #define PACKAGE_TARNAME "tmux"
| #define PACKAGE_VERSION "2.5"
| #define PACKAGE_STRING "tmux 2.5"
| #define PACKAGE_BUGREPORT ""
| #define PACKAGE_URL ""
| #define PACKAGE "tmux"
| #define VERSION "2.5"
| #define STDC_HEADERS 1
| #define HAVE_SYS_TYPES_H 1
| #define HAVE_SYS_STAT_H 1
| #define HAVE_STDLIB_H 1
| #define HAVE_STRING_H 1
| #define HAVE_MEMORY_H 1
| #define HAVE_STRINGS_H 1
| #define HAVE_INTTYPES_H 1
| #define HAVE_STDINT_H 1
| #define HAVE_UNISTD_H 1
| #define __EXTENSIONS__ 1
| #define _ALL_SOURCE 1
| #define _GNU_SOURCE 1
| #define _POSIX_PTHREAD_SEMANTICS 1
| #define _TANDEM_SOURCE 1
| #define HAVE_DIRENT_H 1
| #define HAVE_FCNTL_H 1
| #define HAVE_INTTYPES_H 1
| #define HAVE_PATHS_H 1
| #define HAVE_PTY_H 1
| #define HAVE_STDINT_H 1
| #define HAVE_SYS_DIR_H 1
| #define HAVE_DIRFD 1
| #define HAVE_FLOCK 1
| #define HAVE_PRCTL 1
| #define HAVE_SYSCONF 1
| #define HAVE_ASPRINTF 1
| #define HAVE_CFMAKERAW 1
| #define HAVE_CLOSEFROM 1
| #define HAVE_EXPLICIT_BZERO 1
| #define HAVE_REALLOCARRAY 1
| #define HAVE_SETENV 1
| #define HAVE_STRCASESTR 1
| #define HAVE_STRNDUP 1
| #define HAVE_STRSEP 1
| #define HAVE_NCURSES_H 1
| #define HAVE_B64_NTOP 1
| #define HAVE_DAEMON 1
| /* end confdefs.h.  */
| 
| /* Override any GCC internal prototype to avoid an error.
|    Use char because int might match the return type of a GCC
|    builtin and then its argument prototype would still apply.  */
| #ifdef __cplusplus
| extern "C"
| #endif
| char fdforkpty ();
| int
| main ()
| {
| return fdforkpty ();
|   ;
|   return 0;
| }
configure:6751: gcc -o conftest -I/include -I/include/ncurses  -L/lib conftest.c -lutil  -levent  -lncurses -lresolv >&5
/usr/bin/ld: /tmp/cchpHe4F.o: in function `main':
conftest.c:(.text+0xe): undefined reference to `fdforkpty'
collect2: error: ld returned 1 exit status
configure:6751: $? = 1
configure: failed program was:
| /* confdefs.h */
| #define PACKAGE_NAME "tmux"
| #define PACKAGE_TARNAME "tmux"
| #define PACKAGE_VERSION "2.5"
| #define PACKAGE_STRING "tmux 2.5"
| #define PACKAGE_BUGREPORT ""
| #define PACKAGE_URL ""
| #define PACKAGE "tmux"
| #define VERSION "2.5"
| #define STDC_HEADERS 1
| #define HAVE_SYS_TYPES_H 1
| #define HAVE_SYS_STAT_H 1
| #define HAVE_STDLIB_H 1
| #define HAVE_STRING_H 1
| #define HAVE_MEMORY_H 1
| #define HAVE_STRINGS_H 1
| #define HAVE_INTTYPES_H 1
| #define HAVE_STDINT_H 1
| #define HAVE_UNISTD_H 1
| #define __EXTENSIONS__ 1
| #define _ALL_SOURCE 1
| #define _GNU_SOURCE 1
| #define _POSIX_PTHREAD_SEMANTICS 1
| #define _TANDEM_SOURCE 1
| #define HAVE_DIRENT_H 1
| #define HAVE_FCNTL_H 1
| #define HAVE_INTTYPES_H 1
| #define HAVE_PATHS_H 1
| #define HAVE_PTY_H 1
| #define HAVE_STDINT_H 1
| #define HAVE_SYS_DIR_H 1
| #define HAVE_DIRFD 1
| #define HAVE_FLOCK 1
| #define HAVE_PRCTL 1
| #define HAVE_SYSCONF 1
| #define HAVE_ASPRINTF 1
| #define HAVE_CFMAKERAW 1
| #define HAVE_CLOSEFROM 1
| #define HAVE_EXPLICIT_BZERO 1
| #define HAVE_REALLOCARRAY 1
| #define HAVE_SETENV 1
| #define HAVE_STRCASESTR 1
| #define HAVE_STRNDUP 1
| #define HAVE_STRSEP 1
| #define HAVE_NCURSES_H 1
| #define HAVE_B64_NTOP 1
| #define HAVE_DAEMON 1
| /* end confdefs.h.  */
| 
| /* Override any GCC internal prototype to avoid an error.
|    Use char because int might match the return type of a GCC
|    builtin and then its argument prototype would still apply.  */
| #ifdef __cplusplus
| extern "C"
| #endif
| char fdforkpty ();
| int
| main ()
| {
| return fdforkpty ();
|   ;
|   return 0;
| }
configure:6768: result: no
configure:6789: checking for library containing forkpty
configure:6820: gcc -o conftest -I/include -I/include/ncurses  -L/lib conftest.c -levent  -lncurses -lresolv >&5
configure:6820: $? = 0
configure:6837: result: none required
configure:6861: checking whether TAILQ_CONCAT is declared
configure:6861: gcc -c -I/include -I/include/ncurses  conftest.c >&5
configure:6861: $? = 0
configure:6861: result: yes
configure:6870: checking whether TAILQ_PREV is declared
configure:6870: gcc -c -I/include -I/include/ncurses  conftest.c >&5
configure:6870: $? = 0
configure:6870: result: yes
configure:6879: checking whether TAILQ_REPLACE is declared
configure:6879: gcc -c -I/include -I/include/ncurses  conftest.c >&5
conftest.c: In function 'main':
conftest.c:60:10: error: 'TAILQ_REPLACE' undeclared (first use in this function); did you mean 'TAILQ_REMOVE'?
   60 |   (void) TAILQ_REPLACE;
      |          ^~~~~~~~~~~~~
      |          TAILQ_REMOVE
conftest.c:60:10: note: each undeclared identifier is reported only once for each function it appears in
configure:6879: $? = 1
configure: failed program was:
| /* confdefs.h */
| #define PACKAGE_NAME "tmux"
| #define PACKAGE_TARNAME "tmux"
| #define PACKAGE_VERSION "2.5"
| #define PACKAGE_STRING "tmux 2.5"
| #define PACKAGE_BUGREPORT ""
| #define PACKAGE_URL ""
| #define PACKAGE "tmux"
| #define VERSION "2.5"
| #define STDC_HEADERS 1
| #define HAVE_SYS_TYPES_H 1
| #define HAVE_SYS_STAT_H 1
| #define HAVE_STDLIB_H 1
| #define HAVE_STRING_H 1
| #define HAVE_MEMORY_H 1
| #define HAVE_STRINGS_H 1
| #define HAVE_INTTYPES_H 1
| #define HAVE_STDINT_H 1
| #define HAVE_UNISTD_H 1
| #define __EXTENSIONS__ 1
| #define _ALL_SOURCE 1
| #define _GNU_SOURCE 1
| #define _POSIX_PTHREAD_SEMANTICS 1
| #define _TANDEM_SOURCE 1
| #define HAVE_DIRENT_H 1
| #define HAVE_FCNTL_H 1
| #define HAVE_INTTYPES_H 1
| #define HAVE_PATHS_H 1
| #define HAVE_PTY_H 1
| #define HAVE_STDINT_H 1
| #define HAVE_SYS_DIR_H 1
| #define HAVE_DIRFD 1
| #define HAVE_FLOCK 1
| #define HAVE_PRCTL 1
| #define HAVE_SYSCONF 1
| #define HAVE_ASPRINTF 1
| #define HAVE_CFMAKERAW 1
| #define HAVE_CLOSEFROM 1
| #define HAVE_EXPLICIT_BZERO 1
| #define HAVE_REALLOCARRAY 1
| #define HAVE_SETENV 1
| #define HAVE_STRCASESTR 1
| #define HAVE_STRNDUP 1
| #define HAVE_STRSEP 1
| #define HAVE_NCURSES_H 1
| #define HAVE_B64_NTOP 1
| #define HAVE_DAEMON 1
| #define HAVE_FORKPTY 1
| /* end confdefs.h.  */
| #include <sys/queue.h>
| 
| 
| int
| main ()
| {
| #ifndef TAILQ_REPLACE
| #ifdef __cplusplus
|   (void) TAILQ_REPLACE;
| #else
|   (void) TAILQ_REPLACE;
| #endif
| #endif
| 
|   ;
|   return 0;
| }
configure:6879: result: no
configure:6894: checking for __progname
configure:6909: gcc -o conftest -I/include -I/include/ncurses  -L/lib conftest.c -levent  -lncurses -lresolv >&5
configure:6909: $? = 0
configure:6911: result: yes
configure:6922: checking for program_invocation_short_name
configure:6937: gcc -o conftest -I/include -I/include/ncurses  -L/lib conftest.c -levent  -lncurses -lresolv >&5
configure:6937: $? = 0
configure:6939: result: yes
configure:6950: checking whether PR_SET_NAME is declared
configure:6950: gcc -c -I/include -I/include/ncurses  conftest.c >&5
configure:6950: $? = 0
configure:6950: result: yes
configure:6960: checking whether F_CLOSEM is declared
configure:6960: gcc -c -I/include -I/include/ncurses  conftest.c >&5
conftest.c: In function 'main':
conftest.c:63:10: error: 'F_CLOSEM' undeclared (first use in this function)
   63 |   (void) F_CLOSEM;
      |          ^~~~~~~~
conftest.c:63:10: note: each undeclared identifier is reported only once for each function it appears in
configure:6960: $? = 1
configure: failed program was:
| /* confdefs.h */
| #define PACKAGE_NAME "tmux"
| #define PACKAGE_TARNAME "tmux"
| #define PACKAGE_VERSION "2.5"
| #define PACKAGE_STRING "tmux 2.5"
| #define PACKAGE_BUGREPORT ""
| #define PACKAGE_URL ""
| #define PACKAGE "tmux"
| #define VERSION "2.5"
| #define STDC_HEADERS 1
| #define HAVE_SYS_TYPES_H 1
| #define HAVE_SYS_STAT_H 1
| #define HAVE_STDLIB_H 1
| #define HAVE_STRING_H 1
| #define HAVE_MEMORY_H 1
| #define HAVE_STRINGS_H 1
| #define HAVE_INTTYPES_H 1
| #define HAVE_STDINT_H 1
| #define HAVE_UNISTD_H 1
| #define __EXTENSIONS__ 1
| #define _ALL_SOURCE 1
| #define _GNU_SOURCE 1
| #define _POSIX_PTHREAD_SEMANTICS 1
| #define _TANDEM_SOURCE 1
| #define HAVE_DIRENT_H 1
| #define HAVE_FCNTL_H 1
| #define HAVE_INTTYPES_H 1
| #define HAVE_PATHS_H 1
| #define HAVE_PTY_H 1
| #define HAVE_STDINT_H 1
| #define HAVE_SYS_DIR_H 1
| #define HAVE_DIRFD 1
| #define HAVE_FLOCK 1
| #define HAVE_PRCTL 1
| #define HAVE_SYSCONF 1
| #define HAVE_ASPRINTF 1
| #define HAVE_CFMAKERAW 1
| #define HAVE_CLOSEFROM 1
| #define HAVE_EXPLICIT_BZERO 1
| #define HAVE_REALLOCARRAY 1
| #define HAVE_SETENV 1
| #define HAVE_STRCASESTR 1
| #define HAVE_STRNDUP 1
| #define HAVE_STRSEP 1
| #define HAVE_NCURSES_H 1
| #define HAVE_B64_NTOP 1
| #define HAVE_DAEMON 1
| #define HAVE_FORKPTY 1
| #define HAVE___PROGNAME 1
| #define HAVE_PROGRAM_INVOCATION_SHORT_NAME 1
| #define HAVE_PR_SET_NAME 1
| /* end confdefs.h.  */
| #include <fcntl.h>
| 
| 
| int
| main ()
| {
| #ifndef F_CLOSEM
| #ifdef __cplusplus
|   (void) F_CLOSEM;
| #else
|   (void) F_CLOSEM;
| #endif
| #endif
| 
|   ;
|   return 0;
| }
configure:6960: result: no
configure:6970: checking for /proc/$$
configure:6975: result: yes
configure:6987: checking platform
configure:7008: result: linux
configure:7285: checking that generated files are newer than configure
configure:7291: result: done
configure:7374: creating ./config.status

## ---------------------- ##
## Running config.status. ##
## ---------------------- ##

This file was extended by tmux config.status 2.5, which was
generated by GNU Autoconf 2.69.  Invocation command line was

  CONFIG_FILES    = 
  CONFIG_HEADERS  = 
  CONFIG_LINKS    = 
  CONFIG_COMMANDS = 
  $ ./config.status 

on egor-120-1100er

config.status:838: creating Makefile
config.status:1010: executing depfiles commands

## ---------------- ##
## Cache variables. ##
## ---------------- ##

ac_cv_build=x86_64-pc-linux-gnu
ac_cv_c_compiler_gnu=yes
ac_cv_env_CC_set=
ac_cv_env_CC_value=
ac_cv_env_CFLAGS_set=set
ac_cv_env_CFLAGS_value='-I/include -I/include/ncurses'
ac_cv_env_CPPFLAGS_set=
ac_cv_env_CPPFLAGS_value=
ac_cv_env_CPP_set=
ac_cv_env_CPP_value=
ac_cv_env_LDFLAGS_set=set
ac_cv_env_LDFLAGS_value=-L/lib
ac_cv_env_LIBEVENT_CFLAGS_set=
ac_cv_env_LIBEVENT_CFLAGS_value=
ac_cv_env_LIBEVENT_LIBS_set=
ac_cv_env_LIBEVENT_LIBS_value=
ac_cv_env_LIBNCURSES_CFLAGS_set=
ac_cv_env_LIBNCURSES_CFLAGS_value=
ac_cv_env_LIBNCURSES_LIBS_set=
ac_cv_env_LIBNCURSES_LIBS_value=
ac_cv_env_LIBS_set=
ac_cv_env_LIBS_value=
ac_cv_env_LIBTINFO_CFLAGS_set=
ac_cv_env_LIBTINFO_CFLAGS_value=
ac_cv_env_LIBTINFO_LIBS_set=
ac_cv_env_LIBTINFO_LIBS_value=
ac_cv_env_PKG_CONFIG_LIBDIR_set=
ac_cv_env_PKG_CONFIG_LIBDIR_value=
ac_cv_env_PKG_CONFIG_PATH_set=
ac_cv_env_PKG_CONFIG_PATH_value=
ac_cv_env_PKG_CONFIG_set=
ac_cv_env_PKG_CONFIG_value=
ac_cv_env_build_alias_set=
ac_cv_env_build_alias_value=
ac_cv_env_host_alias_set=
ac_cv_env_host_alias_value=
ac_cv_env_target_alias_set=
ac_cv_env_target_alias_value=
ac_cv_func_asprintf=yes
ac_cv_func_cfmakeraw=yes
ac_cv_func_closefrom=yes
ac_cv_func_daemon=yes
ac_cv_func_dirfd=yes
ac_cv_func_err=yes
ac_cv_func_errx=yes
ac_cv_func_explicit_bzero=yes
ac_cv_func_fgetln=no
ac_cv_func_flock=yes
ac_cv_func_fparseln=no
ac_cv_func_freezero=no
ac_cv_func_getdtablecount=no
ac_cv_func_getopt=yes
ac_cv_func_getprogname=no
ac_cv_func_prctl=yes
ac_cv_func_reallocarray=yes
ac_cv_func_recallocarray=no
ac_cv_func_setenv=yes
ac_cv_func_setproctitle=no
ac_cv_func_stravis=no
ac_cv_func_strcasestr=yes
ac_cv_func_strlcat=no
ac_cv_func_strlcpy=no
ac_cv_func_strndup=yes
ac_cv_func_strnlen_working=yes
ac_cv_func_strsep=yes
ac_cv_func_strtonum=no
ac_cv_func_sysconf=yes
ac_cv_func_warn=yes
ac_cv_func_warnx=yes
ac_cv_have_decl_F_CLOSEM=no
ac_cv_have_decl_PR_SET_NAME=yes
ac_cv_have_decl_TAILQ_CONCAT=yes
ac_cv_have_decl_TAILQ_PREV=yes
ac_cv_have_decl_TAILQ_REPLACE=no
ac_cv_have_decl_daemon=yes
ac_cv_header_bitstring_h=no
ac_cv_header_dirent_h=yes
ac_cv_header_err_h=yes
ac_cv_header_event_h=yes
ac_cv_header_fcntl_h=yes
ac_cv_header_inttypes_h=yes
ac_cv_header_libutil_h=no
ac_cv_header_memory_h=yes
ac_cv_header_minix_config_h=no
ac_cv_header_ncurses_h=yes
ac_cv_header_ndir_h=no
ac_cv_header_paths_h=yes
ac_cv_header_pty_h=yes
ac_cv_header_stdc=yes
ac_cv_header_stdint_h=yes
ac_cv_header_stdlib_h=yes
ac_cv_header_string_h=yes
ac_cv_header_strings_h=yes
ac_cv_header_sys_dir_h=yes
ac_cv_header_sys_ndir_h=no
ac_cv_header_sys_stat_h=yes
ac_cv_header_sys_tree_h=no
ac_cv_header_sys_types_h=yes
ac_cv_header_unistd_h=yes
ac_cv_header_util_h=no
ac_cv_host=x86_64-pc-linux-gnu
ac_cv_lib_tinfo_setupterm=yes
ac_cv_lib_xnet_socket=no
ac_cv_objext=o
ac_cv_path_EGREP='/usr/bin/grep -E'
ac_cv_path_GREP=/usr/bin/grep
ac_cv_path_install='/usr/bin/install -c'
ac_cv_path_mkdir=/usr/bin/mkdir
ac_cv_prog_AWK=gawk
ac_cv_prog_CPP='gcc -E'
ac_cv_prog_ac_ct_CC=gcc
ac_cv_prog_cc_c89=
ac_cv_prog_cc_c99=
ac_cv_prog_cc_g=yes
ac_cv_prog_make_make_set=yes
ac_cv_safe_to_define___extensions__=yes
ac_cv_search_clock_gettime='none required'
ac_cv_search_event_init=-levent
ac_cv_search_fdforkpty=no
ac_cv_search_flock='none required'
ac_cv_search_forkpty='none required'
ac_cv_search_imsg_init=no
ac_cv_search_inet_ntoa='none required'
ac_cv_search_socket='none required'
am_cv_CC_dependencies_compiler_type=gcc3
am_cv_make_support_nested_variables=yes
am_cv_prog_cc_c_o=yes

## ----------------- ##
## Output variables. ##
## ----------------- ##

ACLOCAL='${SHELL} /home/egor/lab11/tmp/tmux-2.5/etc/missing aclocal-1.15'
AMDEPBACKSLASH='\'
AMDEP_FALSE='#'
AMDEP_TRUE=''
AMTAR='$${TAR-tar}'
AM_BACKSLASH='\'
AM_CFLAGS=''
AM_CPPFLAGS=''
AM_DEFAULT_V='$(AM_DEFAULT_VERBOSITY)'
AM_DEFAULT_VERBOSITY='1'
AM_LDFLAGS=''
AM_V='$(V)'
AUTOCONF='${SHELL} /home/egor/lab11/tmp/tmux-2.5/etc/missing autoconf'
AUTOHEADER='${SHELL} /home/egor/lab11/tmp/tmux-2.5/etc/missing autoheader'
AUTOMAKE='${SHELL} /home/egor/lab11/tmp/tmux-2.5/etc/missing automake-1.15'
AWK='gawk'
CC='gcc'
CCDEPMODE='depmode=gcc3'
CFLAGS='-I/include -I/include/ncurses'
CPP='gcc -E'
CPPFLAGS=''
CYGPATH_W='echo'
DEFS='-DPACKAGE_NAME=\"tmux\" -DPACKAGE_TARNAME=\"tmux\" -DPACKAGE_VERSION=\"2.5\" -DPACKAGE_STRING=\"tmux\ 2.5\" -DPACKAGE_BUGREPORT=\"\" -DPACKAGE_URL=\"\" -DPACKAGE=\"tmux\" -DVERSION=\"2.5\" -DSTDC_HEADERS=1 -DHAVE_SYS_TYPES_H=1 -DHAVE_SYS_STAT_H=1 -DHAVE_STDLIB_H=1 -DHAVE_STRING_H=1 -DHAVE_MEMORY_H=1 -DHAVE_STRINGS_H=1 -DHAVE_INTTYPES_H=1 -DHAVE_STDINT_H=1 -DHAVE_UNISTD_H=1 -D__EXTENSIONS__=1 -D_ALL_SOURCE=1 -D_GNU_SOURCE=1 -D_POSIX_PTHREAD_SEMANTICS=1 -D_TANDEM_SOURCE=1 -DHAVE_DIRENT_H=1 -DHAVE_FCNTL_H=1 -DHAVE_INTTYPES_H=1 -DHAVE_PATHS_H=1 -DHAVE_PTY_H=1 -DHAVE_STDINT_H=1 -DHAVE_SYS_DIR_H=1 -DHAVE_DIRFD=1 -DHAVE_FLOCK=1 -DHAVE_PRCTL=1 -DHAVE_SYSCONF=1 -DHAVE_ASPRINTF=1 -DHAVE_CFMAKERAW=1 -DHAVE_CLOSEFROM=1 -DHAVE_EXPLICIT_BZERO=1 -DHAVE_REALLOCARRAY=1 -DHAVE_SETENV=1 -DHAVE_STRCASESTR=1 -DHAVE_STRNDUP=1 -DHAVE_STRSEP=1 -DHAVE_NCURSES_H=1 -DHAVE_B64_NTOP=1 -DHAVE_DAEMON=1 -DHAVE_FORKPTY=1 -DHAVE___PROGNAME=1 -DHAVE_PROGRAM_INVOCATION_SHORT_NAME=1 -DHAVE_PR_SET_NAME=1 -DHAVE_PROC_PID=1'
DEPDIR='.deps'
ECHO_C=''
ECHO_N='-n'
ECHO_T=''
EGREP='/usr/bin/grep -E'
EXEEXT=''
GREP='/usr/bin/grep'
HAVE_UTF8PROC_FALSE=''
HAVE_UTF8PROC_TRUE='#'
INSTALL_DATA='${INSTALL} -m 644'
INSTALL_PROGRAM='${INSTALL}'
INSTALL_SCRIPT='${INSTALL}'
INSTALL_STRIP_PROGRAM='$(install_sh) -c -s'
IS_AIX_FALSE=''
IS_AIX_TRUE='#'
IS_DARWIN_FALSE=''
IS_DARWIN_TRUE='#'
IS_DEBUG_FALSE=''
IS_DEBUG_TRUE='#'
IS_DRAGONFLY_FALSE=''
IS_DRAGONFLY_TRUE='#'
IS_FREEBSD_FALSE=''
IS_FREEBSD_TRUE='#'
IS_GCC_FALSE='#'
IS_GCC_TRUE=''
IS_HPUX_FALSE=''
IS_HPUX_TRUE='#'
IS_LINUX_FALSE='#'
IS_LINUX_TRUE=''
IS_NETBSD_FALSE=''
IS_NETBSD_TRUE='#'
IS_OPENBSD_FALSE=''
IS_OPENBSD_TRUE='#'
IS_SUNCC_FALSE=''
IS_SUNCC_TRUE='#'
IS_SUNOS_FALSE=''
IS_SUNOS_TRUE='#'
IS_UNKNOWN_FALSE=''
IS_UNKNOWN_TRUE='#'
LDFLAGS='-L/lib'
LIBEVENT_CFLAGS=''
LIBEVENT_LIBS=''
LIBNCURSES_CFLAGS=''
LIBNCURSES_LIBS=''
LIBOBJS=' ${LIBOBJDIR}fgetln$U.o ${LIBOBJDIR}fparseln$U.o ${LIBOBJDIR}freezero$U.o ${LIBOBJDIR}getdtablecount$U.o ${LIBOBJDIR}getprogname$U.o ${LIBOBJDIR}recallocarray$U.o ${LIBOBJDIR}setproctitle$U.o ${LIBOBJDIR}strlcat$U.o ${LIBOBJDIR}strlcpy$U.o ${LIBOBJDIR}strtonum$U.o ${LIBOBJDIR}imsg$U.o ${LIBOBJDIR}imsg-buffer$U.o ${LIBOBJDIR}vis$U.o ${LIBOBJDIR}unvis$U.o ${LIBOBJDIR}getopt$U.o ${LIBOBJDIR}fdforkpty$U.o'
LIBS='-levent  -lncurses -lresolv'
LIBTINFO_CFLAGS=''
LIBTINFO_LIBS=''
LTLIBOBJS=' ${LIBOBJDIR}fgetln$U.lo ${LIBOBJDIR}fparseln$U.lo ${LIBOBJDIR}freezero$U.lo ${LIBOBJDIR}getdtablecount$U.lo ${LIBOBJDIR}getprogname$U.lo ${LIBOBJDIR}recallocarray$U.lo ${LIBOBJDIR}setproctitle$U.lo ${LIBOBJDIR}strlcat$U.lo ${LIBOBJDIR}strlcpy$U.lo ${LIBOBJDIR}strtonum$U.lo ${LIBOBJDIR}imsg$U.lo ${LIBOBJDIR}imsg-buffer$U.lo ${LIBOBJDIR}vis$U.lo ${LIBOBJDIR}unvis$U.lo ${LIBOBJDIR}getopt$U.lo ${LIBOBJDIR}fdforkpty$U.lo'
MAKEINFO='${SHELL} /home/egor/lab11/tmp/tmux-2.5/etc/missing makeinfo'
MANFORMAT='mdoc'
MKDIR_P='/usr/bin/mkdir -p'
NEED_FORKPTY_FALSE=''
NEED_FORKPTY_TRUE='#'
OBJEXT='o'
PACKAGE='tmux'
PACKAGE_BUGREPORT=''
PACKAGE_NAME='tmux'
PACKAGE_STRING='tmux 2.5'
PACKAGE_TARNAME='tmux'
PACKAGE_URL=''
PACKAGE_VERSION='2.5'
PATH_SEPARATOR=':'
PKG_CONFIG=''
PKG_CONFIG_LIBDIR=''
PKG_CONFIG_PATH=''
PLATFORM='linux'
SET_MAKE=''
SHELL='/bin/bash'
STRIP=''
VERSION='2.5'
XOPEN_DEFINES=''
ac_ct_CC='gcc'
am__EXEEXT_FALSE=''
am__EXEEXT_TRUE='#'
am__fastdepCC_FALSE='#'
am__fastdepCC_TRUE=''
am__include='include'
am__isrc=''
am__leading_dot='.'
am__nodep='_no'
am__quote=''
am__tar='$${TAR-tar} chof - "$$tardir"'
am__untar='$${TAR-tar} xf -'
bindir='${exec_prefix}/bin'
build='x86_64-pc-linux-gnu'
build_alias=''
build_cpu='x86_64'
build_os='linux-gnu'
build_vendor='pc'
datadir='${datarootdir}'
datarootdir='${prefix}/share'
docdir='${datarootdir}/doc/${PACKAGE_TARNAME}'
dvidir='${docdir}'
exec_prefix='${prefix}'
host='x86_64-pc-linux-gnu'
host_alias=''
host_cpu='x86_64'
host_os='linux-gnu'
host_vendor='pc'
htmldir='${docdir}'
includedir='${prefix}/include'
infodir='${datarootdir}/info'
install_sh='${SHELL} /home/egor/lab11/tmp/tmux-2.5/etc/install-sh'
libdir='${exec_prefix}/lib'
libexecdir='${exec_prefix}/libexec'
localedir='${datarootdir}/locale'
localstatedir='${prefix}/var'
mandir='${datarootdir}/man'
mkdir_p='$(MKDIR_P)'
oldincludedir='/usr/include'
pdfdir='${docdir}'
prefix=''
program_transform_name='s,x,x,'
psdir='${docdir}'
runstatedir='${localstatedir}/run'
sbindir='${exec_prefix}/sbin'
sharedstatedir='${prefix}/com'
sysconfdir='/etc'
target_alias=''

## ----------- ##
## confdefs.h. ##
## ----------- ##

/* confdefs.h */
#define PACKAGE_NAME "tmux"
#define PACKAGE_TARNAME "tmux"
#define PACKAGE_VERSION "2.5"
#define PACKAGE_STRING "tmux 2.5"
#define PACKAGE_BUGREPORT ""
#define PACKAGE_URL ""
#define PACKAGE "tmux"
#define VERSION "2.5"
#define STDC_HEADERS 1
#define HAVE_SYS_TYPES_H 1
#define HAVE_SYS_STAT_H 1
#define HAVE_STDLIB_H 1
#define HAVE_STRING_H 1
#define HAVE_MEMORY_H 1
#define HAVE_STRINGS_H 1
#define HAVE_INTTYPES_H 1
#define HAVE_STDINT_H 1
#define HAVE_UNISTD_H 1
#define __EXTENSIONS__ 1
#define _ALL_SOURCE 1
#define _GNU_SOURCE 1
#define _POSIX_PTHREAD_SEMANTICS 1
#define _TANDEM_SOURCE 1
#define HAVE_DIRENT_H 1
#define HAVE_FCNTL_H 1
#define HAVE_INTTYPES_H 1
#define HAVE_PATHS_H 1
#define HAVE_PTY_H 1
#define HAVE_STDINT_H 1
#define HAVE_SYS_DIR_H 1
#define HAVE_DIRFD 1
#define HAVE_FLOCK 1
#define HAVE_PRCTL 1
#define HAVE_SYSCONF 1
#define HAVE_ASPRINTF 1
#define HAVE_CFMAKERAW 1
#define HAVE_CLOSEFROM 1
#define HAVE_EXPLICIT_BZERO 1
#define HAVE_REALLOCARRAY 1
#define HAVE_SETENV 1
#define HAVE_STRCASESTR 1
#define HAVE_STRNDUP 1
#define HAVE_STRSEP 1
#define HAVE_NCURSES_H 1
#define HAVE_B64_NTOP 1
#define HAVE_DAEMON 1
#define HAVE_FORKPTY 1
#define HAVE___PROGNAME 1
#define HAVE_PROGRAM_INVOCATION_SHORT_NAME 1
#define HAVE_PR_SET_NAME 1
#define HAVE_PROC_PID 1

configure: exit 0
